vAmiga regression tester
Entering /Users/hoff/vAmigaTS/Agnus/
/tmp/vAmiga/vAmiga.app/Contents/MacOS/vAmiga

Entering /Users/hoff/vAmigaTS/Agnus/Blitter/
Entering /Users/hoff/vAmigaTS/Agnus/Blitter/bbusy/
bbusy13l/bbusy13l: PASS
bbusy15/bbusy15: PASS
bbusy11l/bbusy11l: PASS
bbusy1/bbusy1: PASS
bbusy13f/bbusy13f: PASS
bbusy0/bbusy0: PASS
bbusy5/bbusy5: PASS
bbusy5f/bbusy5f: PASS
bbusy3/bbusy3: PASS
bbusy4/bbusy4: PASS
bbusy1f/bbusy1f: PASS
bbusy2/bbusy2: PASS
bbusy7/bbusy7: PASS
bbusy9l/bbusy9l: PASS
bbusy7l/bbusy7l: PASS
bbusy6/bbusy6: PASS
bbusy9f/bbusy9f: PASS
Entering /Users/hoff/vAmigaTS/Agnus/Blitter/bltint/
bltint4/bltint4: PASS
bltint5/bltint5: PASS
bltint2/bltint2: PASS
bltint1/bltint1: PASS
bltint6/bltint6: PASS
bltint3/bltint3: PASS
bltint7/bltint7: PASS
Entering /Users/hoff/vAmigaTS/Agnus/Blitter/bususage/
bususage10l/bususage10l: PASS
bususage11/bususage11: PASS
bususage0/bususage0: PASS
bususage1/bususage1: PASS
bususage10/bususage10: PASS
bususage0l/bususage0l: PASS
bususage13/bususage13: PASS
bususage12l/bususage12l: PASS
bususage12/bususage12: PASS
bususage13l/bususage13l: PASS
bususage13f/bususage13f: PASS
bususage11l/bususage11l: PASS
bususage15l/bususage15l: PASS
bususage1l/bususage1l: PASS
bususage14/bususage14: PASS
bususage15/bususage15: PASS
bususage1f/bususage1f: PASS
bususage14l/bususage14l: PASS
bususage3/bususage3: PASS
bususage4/bususage4: PASS
bususage2l/bususage2l: PASS
bususage4l/bususage4l: PASS
bususage3l/bususage3l: PASS
bususage2/bususage2: PASS
bususage5l/bususage5l: PASS
bususage7/bususage7: PASS
bususage6/bususage6: PASS
bususage5f/bususage5f: PASS
bususage6l/bususage6l: PASS
bususage5/bususage5: PASS
bususage7l/bususage7l: PASS
bususage9f/bususage9f: PASS
bususage8l/bususage8l: PASS
bususage8/bususage8: PASS
bususage9l/bususage9l: PASS
bususage9/bususage9: PASS
Entering /Users/hoff/vAmigaTS/Agnus/Blitter/cputim/
cputim1/cputim1: PASS
cputim2/cputim2: PASS
cputim5/cputim5: PASS
cputim4/cputim4: PASS
cputim3/cputim3: PASS
cputim10/cputim10: PASS
cputim7/cputim7: PASS
invisible0/invisible0: PASS
cputim8/cputim8: PASS
cputim6/cputim6: PASS
invisible1/invisible1: PASS
cputim9/cputim9: PASS
invisible11l/invisible11l: PASS
invisible11/invisible11: PASS
invisible10/invisible10: PASS
invisible13/invisible13: PASS
invisible13f/invisible13f: PASS
invisible12/invisible12: PASS
invisible14/invisible14: PASS
invisible2/invisible2: PASS
invisible15/invisible15: PASS
invisible15l/invisible15l: PASS
invisible1f/invisible1f: PASS
invisible3/invisible3: PASS
invisible6/invisible6: PASS
invisible5/invisible5: PASS
invisible5f/invisible5f: PASS
invisible7/invisible7: PASS
invisible8/invisible8: PASS
invisible4/invisible4: PASS
invisible9/invisible9: PASS
invisible9f/invisible9f: PASS
Entering /Users/hoff/vAmigaTS/Agnus/Blitter/dmacon/
dmacon3/dmacon3: PASS
dmacon2/dmacon2: PASS
dmacon1/dmacon1: PASS
dmacon6/dmacon6: PASS
dmacon4/dmacon4: PASS
dmacon5/dmacon5: PASS
dmacon9/dmacon9: PASS
dmacon7/dmacon7: PASS
dmacon8/dmacon8: PASS
dmaoff1/dmaoff1: PASS
Entering /Users/hoff/vAmigaTS/Agnus/Blitter/fill/
fill4/fill4: PASS
fill2/fill2: PASS
fill5/fill5: PASS
fill3/fill3: PASS
fill0/fill0: PASS
fill1/fill1: PASS
fill7/fill7: PASS
fill6/fill6: PASS
Entering /Users/hoff/vAmigaTS/Agnus/Blitter/irqtim/
irqtim1/irqtim1: PASS
irqtim10/irqtim10: PASS
irqtim11l/irqtim11l: PASS
irqtim0/irqtim0: PASS
irqtim11/irqtim11: PASS
irqtim11l1/irqtim11l1: PASS
irqtim11l3/irqtim11l3: PASS
irqtim12/irqtim12: PASS
irqtim13f/irqtim13f: PASS
irqtim14/irqtim14: PASS
irqtim11l4/irqtim11l4: PASS
irqtim13/irqtim13: PASS
irqtim15l4/irqtim15l4: PASS
irqtim15l/irqtim15l: PASS
irqtim15/irqtim15: PASS
irqtim15l1/irqtim15l1: PASS
irqtim15l3/irqtim15l3: PASS
irqtim1f/irqtim1f: PASS
irqtim3/irqtim3: PASS
irqtim5f/irqtim5f: PASS
irqtim2/irqtim2: PASS
irqtim4/irqtim4: PASS
irqtim5/irqtim5: PASS
irqtim1l/irqtim1l: PASS
irqtim7/irqtim7: PASS
irqtim6/irqtim6: PASS
irqtim9f/irqtim9f: PASS
irqtim8/irqtim8: PASS
irqtim9/irqtim9: PASS
Entering /Users/hoff/vAmigaTS/Agnus/Blitter/line/
channels2/channels2: PASS
bsh4/bsh4: PASS
bsh2/bsh2: PASS
bsh1/bsh1: PASS
channels1/channels1: PASS
bsh3/bsh3: PASS
combined2/combined2: PASS
combined1/combined1: PASS
line1/line1: PASS
line10/line10: PASS
channels3/channels3: PASS
channels4/channels4: PASS
line12/line12: PASS
line11/line11: PASS
line3/line3: PASS
line2/line2: PASS
line13/line13: PASS
line4/line4: PASS
line7/line7: PASS
line6/line6: PASS
line9/line9: PASS
mask1/mask1: PASS
line8/line8: PASS
line5/line5: PASS
start1/start1: PASS
start2/start2: PASS
mask2/mask2: PASS
mask3/mask3: PASS
zero1/zero1: PASS
Entering /Users/hoff/vAmigaTS/Agnus/Blitter/misc/
barrel1/barrel1: PASS
Entering /Users/hoff/vAmigaTS/Agnus/Blitter/race/
race0/race0: PASS
race1/race1: PASS
race10/race10: PASS
race11/race11: PASS
race13/race13: PASS
race12/race12: PASS
race14/race14: PASS
race3/race3: PASS
race2/race2: PASS
race4/race4: PASS
race15/race15: PASS
race5/race5: PASS
race9/race9: PASS
race7/race7: PASS
race8/race8: PASS
race6/race6: PASS
toggle1/toggle1: PASS
Entering /Users/hoff/vAmigaTS/Agnus/Blitter/sblit/
sblit0/sblit0: PASS
sblit1/sblit1: PASS
sblit12/sblit12: PASS
sblit11/sblit11: PASS
sblit13/sblit13: PASS
sblit10/sblit10: PASS
sblit5/sblit5: PASS
sblit15/sblit15: PASS
sblit14/sblit14: PASS
sblit4/sblit4: PASS
sblit2/sblit2: PASS
sblit3/sblit3: PASS
sblit7/sblit7: PASS
sblit9/sblit9: PASS
sblit8/sblit8: PASS
sblit6/sblit6: PASS
Entering /Users/hoff/vAmigaTS/Agnus/Blitter/timing/
timing11/timing11: PASS
timing10/timing10: PASS
timing1/timing1: PASS
timing11l1/timing11l1: PASS
timing11l/timing11l: PASS
timing0/timing0: PASS
timing13/timing13: PASS
timing12/timing12: PASS
timing11l3/timing13l1: PASS
timing13f/timing13f: PASS
timing14/timing14: PASS
timing11l4/timing11l4: PASS
timing15l3/timing15l3: PASS
timing15l/timing15l: PASS
timing15/timing15: PASS
timing15l4/timing15l4: PASS
timing15l1/timing15l1: PASS
timing1f/timing1f: PASS
timing3/timing3: PASS
timing2/timing2: PASS
timing5f/timing5f: PASS
timing1l/timing1l: PASS
timing4/timing4: PASS
timing5/timing5: PASS
timing9f/timing9f: PASS
timing7/timing7: PASS
timing9/timing9: PASS
timing6/timing6: PASS
timing8/timing8: PASS
Entering /Users/hoff/vAmigaTS/Agnus/Blitter/undocumented/
undocumented1/undocumented1: PASS
Entering /Users/hoff/vAmigaTS/Agnus/Blitter/wrap/
wrap15/wrap15: PASS

Entering /Users/hoff/vAmigaTS/Agnus/Copper/
Entering /Users/hoff/vAmigaTS/Agnus/Copper/CopDma/
cycleE0/cycleE0_ecs: PASS
cycleE0/cycleE0_ocs: PASS
dasdma1/dasdma1_ocs: PASS
dasdma2/dasdma2_ecs: PASS
dasdma1/dasdma1_ecs: PASS
dasdma2/dasdma2_ocs: PASS
dmatoggle1/dmatoggle1_ecs: PASS
dmatoggle1/dmatoggle1_ocs: PASS
Entering /Users/hoff/vAmigaTS/Agnus/Copper/Irq/
irq2/irq2_ecs: PASS
irq3/irq3_ecs: PASS
irq3/irq3_ocs: PASS
irq1/irq1_ocs: PASS
irq1/irq1_ecs: PASS
irq2/irq2_ocs: PASS
irq4/irq4_ecs: PASS
irq4/irq4_ocs: PASS
Entering /Users/hoff/vAmigaTS/Agnus/Copper/Skip/
copskip3/copskip3_ocs: PASS
copskip1/copskip1_ecs: PASS
copskip2/copskip2_ocs: PASS
copskip3/copskip3_ecs: PASS
copskip2/copskip2_ecs: PASS
copskip1/copskip1_ocs: PASS
copstrt1/copstrt1_ecs: PASS
copskip4/copskip4_ocs: PASS
copstrt1/copstrt1_ocs: PASS
copstrt2/copstrt2_ecs: PASS
copstrt2/copstrt2_ocs: PASS
copskip4/copskip4_ecs: PASS
skipbfd1/skipbfd1_ocs: PASS
skipbfd1/skipbfd1_ecs: PASS
skipbfd2/skipbfd2_ocs: PASS
skipbfd3/skipbfd3_ocs: PASS
skipbfd2/skipbfd2_ecs: PASS
skipbfd3/skipbfd3_ecs: PASS
Entering /Users/hoff/vAmigaTS/Agnus/Copper/Wait/
copwait1/copwait1_ocs: PASS
copwait3/copwait3_ocs: PASS
copwait2/copwait2_ecs: PASS
copwait2/copwait2_ocs: PASS
copwait3/copwait3_ecs: PASS
copwait1/copwait1_ecs: PASS
copwait5/copwait5_ecs: PASS
copwait5/copwait5_ocs: PASS
copwait4/copwait4_ecs: PASS
copwait4/copwait4_ocs: PASS
copwait6/copwait6_ecs: PASS
copwait6/copwait6_ocs: PASS
copwait7/copwait7_ocs: PASS
copwait9/copwait9_ocs: PASS
copwait8/copwait8_ecs: PASS
copwait7/copwait7_ecs: PASS
copwait9/copwait9_ecs: PASS
copwait8/copwait8_ocs: PASS
waitblt3/waitblt3_ocs: PASS
waitblt2/waitblt2_ecs: PASS
waitblt3/waitblt3_ecs: PASS
waitblt1/waitblt1_ecs: PASS
waitblt1/waitblt1_ocs: PASS
waitblt2/waitblt2_ocs: PASS
waitblt4/waitblt4_ecs: PASS
waitblt4/waitblt4_ocs: PASS
waitblt5/waitblt5_ecs: PASS
waitblt5/waitblt5_ocs: PASS
Entering /Users/hoff/vAmigaTS/Agnus/Copper/copbpl/
copbpl1h/copbpl1h: PASS
copbpl2/copbpl2: PASS
copbpl1/copbpl1: PASS
copbpl2h/copbpl2h: PASS
copbpl3/copbpl3: PASS
Entering /Users/hoff/vAmigaTS/Agnus/Copper/coprace/
coprace2/coprace2_ecs: PASS
coprace2/coprace2_ocs: PASS
coprace1/coprace1_ecs: PASS
coprace1/coprace1_ocs: PASS
Entering /Users/hoff/vAmigaTS/Agnus/Copper/coptim/
copcpu1/copcpu1_ecs: PASS
copblt1/copblt1_ocs: PASS
coptim1/coptim1_ecs: PASS
coptim1/coptim1_ocs: PASS
copblt1/copblt1_ecs: PASS
copcpu1/copcpu1_ocs: PASS
coptim2/coptim2_ecs: PASS
coptim3/coptim3_ocs: PASS
coptim3/coptim3_ecs: PASS
coptim4/coptim4_ocs: PASS
coptim2/coptim2_ocs: PASS
coptim4/coptim4_ecs: PASS
oldcoptim2/oldcoptim2_ecs: PASS
coptim5/coptim5_ocs: PASS
oldcoptim1/oldcoptim1_ecs: PASS
oldcoptim2/oldcoptim2_ocs: PASS
coptim5/coptim5_ecs: PASS
oldcoptim1/oldcoptim1_ocs: PASS
oldcoptim5/oldcoptim5_ocs: PASS
oldcoptim3/oldcoptim3_ocs: PASS
oldcoptim3/oldcoptim3_ecs: PASS
oldcoptim4/oldcoptim4_ecs: PASS
oldcoptim5/oldcoptim5_ecs: PASS
oldcoptim4/oldcoptim4_ocs: PASS
Entering /Users/hoff/vAmigaTS/Agnus/Copper/copvbl/
copvbl1b/copvbl1b_ecs: PASS
copvbl1c/copvbl1c_ocs: PASS
copvbl1c/copvbl1c_ecs: PASS
copvbl1b/copvbl1b_ocs: PASS
copvbl1/copvbl1_ecs: PASS
copvbl1/copvbl1_ocs: PASS
copvbl2c/copvbl2c_ecs: PASS
copvbl2b/copvbl2b_ecs: PASS
copvbl2/copvbl2_ecs: PASS
copvbl2c/copvbl2c_ocs: PASS
copvbl2/copvbl2_ocs: PASS
copvbl2b/copvbl2b_ocs: PASS
copvbl3c/copvbl3c_ocs: PASS
copvbl3c/copvbl3c_ecs: PASS
copvbl3/copvbl3_ecs: PASS
copvbl3b/copvbl3b_ocs: PASS
copvbl3b/copvbl3b_ecs: PASS
copvbl3/copvbl3_ocs: PASS
copvbl4/copvbl4_ocs: PASS
copvbl4/copvbl4_ecs: PASS
copvbl4c/copvbl4c_ocs: PASS
copvbl4b/copvbl4b_ocs: PASS
copvbl4c/copvbl4c_ecs: PASS
copvbl4b/copvbl4b_ecs: PASS
Entering /Users/hoff/vAmigaTS/Agnus/Copper/cross/
cross3/cross3_ecs: PASS
cross2/cross2_ecs: PASS
cross1/cross1_ecs: PASS
cross1/cross1_ocs: PASS
cross3/cross3_ocs: PASS
cross2/cross2_ocs: PASS
cross5/cross5_ecs: PASS
cross4/cross4_ocs: PASS
cross6/cross6_ecs: PASS
cross4/cross4_ecs: PASS
cross5/cross5_ocs: PASS
cross6/cross6_ocs: PASS
steal2/steal2_ocs: PASS
steal3/steal3_ocs: PASS
steal2/steal2_ecs: PASS
steal3/steal3_ecs: PASS
steal1/steal1_ocs: PASS
steal1/steal1_ecs: PASS
steal6/steal6_ocs: PASS
steal5/steal5_ecs: PASS
steal4/steal4_ocs: PASS
steal5/steal5_ocs: PASS
steal4/steal4_ecs: PASS
steal6/steal6_ecs: PASS
steal7/steal7_ecs: PASS
steal7/steal7_ocs: PASS
Entering /Users/hoff/vAmigaTS/Agnus/Copper/halt/
halt1/halt1_ecs: PASS
halt2/halt2_ocs: PASS
halt1/halt1_ocs: PASS
halt3/halt3_ecs: PASS
halt2/halt2_ecs: PASS
halt3/halt3_ocs: PASS
halt5/halt5_ocs: PASS
halt4/halt4_ocs: PASS
halt5/halt5_ecs: PASS
halt4/halt4_ecs: PASS
Entering /Users/hoff/vAmigaTS/Agnus/Copper/lc/
lc1/lc1_ocs: PASS
lc1b/lc1b_ecs: PASS
lc1/lc1_ecs: PASS
lc1b/lc1b_ocs: PASS
lc2/lc2_ecs: PASS
lc2/lc2_ocs: PASS
lc2b/lc2b_ocs: PASS
lc3/lc3_ocs: PASS
lc3/lc3_ecs: PASS
lc2b/lc2b_ecs: PASS
lc4/lc4_ocs: PASS
lc4/lc4_ecs: PASS
Entering /Users/hoff/vAmigaTS/Agnus/Copper/mask/
skipmask3/skipmask3_ecs: PASS
skipmask1/skipmask1_ocs: PASS
skipmask2/skipmask2_ocs: PASS
skipmask3/skipmask3_ocs: PASS
skipmask2/skipmask2_ecs: PASS
skipmask1/skipmask1_ecs: PASS
skipmask4/skipmask4_ecs: PASS
skipmask4/skipmask4_ocs: PASS
skipmask5/skipmask5_ocs: PASS
skipmask6/skipmask6_ocs: PASS
skipmask6/skipmask6_ecs: PASS
skipmask5/skipmask5_ecs: PASS
skipmask8/skipmask8_ocs: PASS
waitmask1/waitmask1_ocs: PASS
waitmask1/waitmask1_ecs: PASS
skipmask8/skipmask8_ecs: PASS
skipmask7/skipmask7_ocs: PASS
skipmask7/skipmask7_ecs: PASS
waitmask3/waitmask3_ecs: PASS
waitmask4/waitmask4_ecs: PASS
waitmask4/waitmask4_ocs: PASS
waitmask2/waitmask2_ocs: PASS
waitmask3/waitmask3_ocs: PASS
waitmask2/waitmask2_ecs: PASS
waitmask7/waitmask7_ocs: PASS
waitmask6/waitmask6_ecs: PASS
waitmask6/waitmask6_ocs: PASS
waitmask7/waitmask7_ecs: PASS
waitmask5/waitmask5_ecs: PASS
waitmask5/waitmask5_ocs: PASS
waitmask8/waitmask8_ocs: PASS
waitmask8/waitmask8_ecs: PASS
Entering /Users/hoff/vAmigaTS/Agnus/Copper/oldJump/
jump1/jump1_ecs: PASS
jump1/jump1_ocs: PASS
jump1b/jump1b_ocs: PASS
jump1b/jump1b_ecs: PASS
jump1c/jump1c_ecs: PASS
jump1c/jump1c_ocs: PASS
jump2/jump2_ocs: PASS
jump2/jump2_ecs: PASS
jump3/jump3_ecs: PASS
jump3a/jump3a_ecs: PASS
jump3/jump3_ocs: PASS
jump3a/jump3a_ocs: PASS
jumpbpu1/jumpbpu1_ocs: PASS
jump5/jump5_ecs: PASS
jump5/jump5_ocs: PASS
jump4/jump4_ecs: PASS
jumpbpu1/jumpbpu1_ecs: PASS
jump4/jump4_ocs: PASS
jumpbpu2/jumpbpu2_ecs: PASS
jumpbpu2/jumpbpu2_ocs: PASS
jumpbpu4/jumpbpu4_ecs: PASS
jumpbpu3/jumpbpu3_ecs: PASS
jumpbpu3/jumpbpu3_ocs: PASS
jumpbpu4/jumpbpu4_ocs: PASS

Entering /Users/hoff/vAmigaTS/Agnus/DDF/
Entering /Users/hoff/vAmigaTS/Agnus/DDF/DDF/
ddf1/ddf1_ecs: PASS
ddf1/ddf1_ocs: PASS
ddf2/ddf2_ocs: PASS
ddf10/ddf10_ecs: PASS
ddf10/ddf10_ocs: PASS
ddf2/ddf2_ecs: PASS
ddf4/ddf4_ocs: PASS
ddf5/ddf5_ocs: PASS
ddf3/ddf3_ocs: PASS
ddf4/ddf4_ecs: PASS
ddf5/ddf5_ecs: PASS
ddf3/ddf3_ecs: PASS
ddf7/ddf7_ocs: PASS
ddf8/ddf8_ocs: PASS
ddf8/ddf8_ecs: PASS
ddf6/ddf6_ocs: PASS
ddf7/ddf7_ecs: PASS
ddf6/ddf6_ecs: PASS
ddf9/ddf9_ecs: PASS
doublematch1/doublematch1_ocs: PASS
doublematch1/doublematch1_ecs: PASS
ddf9/ddf9_ocs: PASS
dmaslots/dmaslots_ocs: PASS
dmaslots/dmaslots_ecs: PASS
hwstop1/hwstop1_ecs: PASS
hwstop1/hwstop1_ocs: PASS
farright1/farright1_ocs: PASS
farright3/farright3_ecs: PASS
farright1/farright1_ecs: PASS
farright3/farright3_ocs: PASS
hwstop3/hwstop3_ecs: PASS
hwstop4/hwstop4_ocs: PASS
hwstop3/hwstop3_ocs: PASS
hwstop2/hwstop2_ocs: PASS
hwstop2/hwstop2_ecs: PASS
hwstop4/hwstop4_ecs: PASS
hwstop5/hwstop5_ocs: PASS
hwstop6/hwstop6_ocs: PASS
hwstop7/hwstop7_ocs: PASS
hwstop6/hwstop6_ecs: PASS
hwstop5/hwstop5_ecs: PASS
hwstop7/hwstop7_ecs: PASS
oldhwstop1/oldhwstop1_ocs: PASS
hwstop8/hwstop8_ocs: PASS
oldhwstop1/oldhwstop1_ecs: PASS
hwstop8/hwstop8_ecs: PASS
lupo1/lupo1_ecs: PASS
lupo1/lupo1_ocs: PASS
oldhwstop3/oldhwstop3_ocs: PASS
oldhwstop2/oldhwstop2_ocs: PASS
oldhwstop3/oldhwstop3_ecs: PASS
oldhwstop2/oldhwstop2_ecs: PASS
oldhwstop4/oldhwstop4_ocs: PASS
oldhwstop4/oldhwstop4_ecs: PASS
reenable1/reenable1_ecs: PASS
reenable1/reenable1_ocs: PASS
shift2/shift2_ocs: PASS
shift1/shift1_ocs: PASS
shift2/shift2_ecs: PASS
shift1/shift1_ecs: PASS
shift3/shift3_ocs: PASS
shift3/shift3_ecs: PASS
shift5/shift5_ocs: PASS
shift5/shift5_ecs: PASS
shift4/shift4_ecs: PASS
shift4/shift4_ocs: PASS
single3/single3_ecs: PASS
single3/single3_ocs: PASS
single1/single1_ecs: PASS
single2/single2_ocs: PASS
single2/single2_ecs: PASS
single1/single1_ocs: PASS
single5/single5_ecs: PASS
single4/single4_ecs: PASS
single5/single5_ocs: PASS
single4/single4_ocs: PASS
Entering /Users/hoff/vAmigaTS/Agnus/DDF/DDFTIM/
ddftimcop1/ddftimcop1_ecs: PASS
ddftimcop2/ddftimcop2_ecs: PASS
ddftimcop3/ddftimcop3_ecs: PASS
ddftimcop1/ddftimcop1_ocs: PASS
ddftimcop3/ddftimcop3_ocs: PASS
ddftimcop2/ddftimcop2_ocs: PASS
ddftimcop5/ddftimcop5_ecs: PASS
ddftimcop4/ddftimcop4_ocs: PASS
ddftimcop4/ddftimcop4_ecs: PASS
ddftimcop5/ddftimcop5_ocs: PASS
ddftimcop6/ddftimcop6_ocs: PASS
ddftimcop6/ddftimcop6_ecs: PASS
ddftimcop8/ddftimcop8_ecs: PASS
ddftimcop9/ddftimcop9_ocs: PASS
ddftimcop7/ddftimcop7_ocs: PASS
ddftimcop7/ddftimcop7_ecs: PASS
ddftimcop9/ddftimcop9_ecs: PASS
ddftimcop8/ddftimcop8_ocs: PASS
ddftimcpu10/ddftimcpu10_ocs: PASS
ddftimcpu11/ddftimcpu11_ocs: PASS
ddftimcpu10/ddftimcpu10_ecs: PASS
ddftimcpu1/ddftimcpu1_ocs: PASS
ddftimcpu11/ddftimcpu11_ecs: PASS
ddftimcpu1/ddftimcpu1_ecs: PASS
ddftimcpu14/ddftimcpu14_ecs: PASS
ddftimcpu14/ddftimcpu14_ocs: PASS
ddftimcpu12/ddftimcpu12_ecs: PASS
ddftimcpu12/ddftimcpu12_ocs: PASS
ddftimcpu13/ddftimcpu13_ocs: PASS
ddftimcpu13/ddftimcpu13_ecs: PASS
ddftimcpu3/ddftimcpu3_ocs: PASS
ddftimcpu15/ddftimcpu15_ecs: PASS
ddftimcpu3/ddftimcpu3_ecs: PASS
ddftimcpu2/ddftimcpu2_ecs: PASS
ddftimcpu2/ddftimcpu2_ocs: PASS
ddftimcpu15/ddftimcpu15_ocs: PASS
ddftimcpu4/ddftimcpu4_ecs: PASS
ddftimcpu5/ddftimcpu5_ecs: PASS
ddftimcpu4/ddftimcpu4_ocs: PASS
ddftimcpu5/ddftimcpu5_ocs: PASS
ddftimcpu6/ddftimcpu6_ecs: PASS
ddftimcpu6/ddftimcpu6_ocs: PASS
ddftimcpu8/ddftimcpu8_ocs: PASS
ddftimcpu9/ddftimcpu9_ocs: PASS
ddftimcpu8/ddftimcpu8_ecs: PASS
ddftimcpu7/ddftimcpu7_ocs: PASS
ddftimcpu9/ddftimcpu9_ecs: PASS
ddftimcpu7/ddftimcpu7_ecs: PASS

Entering /Users/hoff/vAmigaTS/Agnus/DIW/
Entering /Users/hoff/vAmigaTS/Agnus/DIW/DIWV/
diwv10/diwv10_ecs: PASS
diwv1/diwv1_ocs: PASS
diwv11/diwv11_ecs: PASS
diwv1/diwv1_ecs: PASS
diwv11/diwv11_ocs: PASS
diwv10/diwv10_ocs: PASS
diwv13/diwv13_ecs: PASS
diwv12/diwv12_ocs: PASS
diwv14/diwv14_ocs: PASS
diwv14/diwv14_ecs: PASS
diwv13/diwv13_ocs: PASS
diwv12/diwv12_ecs: PASS
diwv16/diwv16_ocs: PASS
diwv17/diwv17_ecs: PASS
diwv17/diwv17_ocs: PASS
diwv16/diwv16_ecs: PASS
diwv15/diwv15_ocs: PASS
diwv15/diwv15_ecs: PASS
diwv2/diwv2_ocs: PASS
diwv2/diwv2_ecs: PASS
diwv3/diwv3_ocs: PASS
diwv4/diwv4_ocs: PASS
diwv3/diwv3_ecs: PASS
diwv4/diwv4_ecs: PASS
diwv5/diwv5_ecs: PASS
diwv6/diwv6_ocs: PASS
diwv5/diwv5_ocs: PASS
diwv6/diwv6_ecs: PASS
diwv7/diwv7_ocs: PASS
diwv7/diwv7_ecs: PASS
diwv9/diwv9_ecs: PASS
diwv9/diwv9_ocs: PASS
diwv8/diwv8_ecs: PASS
diwv8/diwv8_ocs: PASS
diwvmras/diwvmras_ecs: PASS
diwvmras/diwvmras_ocs: PASS
onoff1/onoff1_ocs: PASS
onoff1/onoff1_ecs: PASS
Entering /Users/hoff/vAmigaTS/Agnus/DIW/OLDDIW/
diw11/diw11_ocs: PASS
diw11/diw11_ecs: PASS
diw1/diw1_ocs: PASS
diw10/diw10_ecs: PASS
diw10/diw10_ocs: PASS
diw1/diw1_ecs: PASS
diw3/diw3_ecs: PASS
diw4/diw4_ocs: PASS
diw4/diw4_ecs: PASS
diw3/diw3_ocs: PASS
diw2/diw2_ecs: PASS
diw2/diw2_ocs: PASS
diw6/diw6_ocs: PASS
diw6/diw6_ecs: PASS
diw5/diw5_ecs: PASS
diw5/diw5_ocs: PASS
diw7/diw7_ecs: PASS
diw7/diw7_ocs: PASS
diwvert1/diwvert1_ocs: PASS
diwvert1/diwvert1_ecs: PASS
diw9/diw9_ecs: PASS
diw8/diw8_ecs: PASS
diw8/diw8_ocs: PASS
diw9/diw9_ocs: PASS

Entering /Users/hoff/vAmigaTS/Agnus/Misc/
Entering /Users/hoff/vAmigaTS/Agnus/Misc/NTSC/
ntsc0/ntsc0: PASS
ntsc0/ntsc0_ecs: PASS
ntsc1/ntsc1_ecs: PASS
ntsc0/ntsc0_ocs: PASS
ntsc2/ntsc2_ecs: PASS
ntsc1/ntsc1_ocs: PASS
ntsc2/ntsc2_ocs: PASS
ntsc3/ntsc3_ocs: PASS
ntsc3/ntsc3_ecs: PASS
ntsc4/ntsc4_ocs: PASS
ntsc4/ntsc4_ecs: PASS
ntsc5/ntsc5_ocs: PASS
ntsc5/ntsc5_ecs: PASS

Entering /Users/hoff/vAmigaTS/Agnus/Registers/
Entering /Users/hoff/vAmigaTS/Agnus/Registers/BPLMOD/
bplmod1/bplmod1_ecs: PASS
bplmod3/bplmod3_ocs: PASS
bplmod3/bplmod3_ecs: PASS
bplmod2/bplmod2_ocs: PASS
bplmod1/bplmod1_ocs: PASS
bplmod2/bplmod2_ecs: PASS
bplmod6/bplmod6_ocs: PASS
bplmod4/bplmod4_ecs: PASS
bplmod4/bplmod4_ocs: PASS
bplmod6/bplmod6_ecs: PASS
bplmod5/bplmod5_ecs: PASS
bplmod5/bplmod5_ocs: PASS
Entering /Users/hoff/vAmigaTS/Agnus/Registers/BPLPTR/
bplptr2/bplptr2_ecs: PASS
bplptr3/bplptr3_ocs: PASS
bplptr3/bplptr3_ecs: PASS
bplptr1/bplptr1_ecs: PASS
bplptr2/bplptr2_ocs: PASS
bplptr1/bplptr1_ocs: PASS
bplptr4/bplptr4_ecs: PASS
bplptr4/bplptr4_ocs: PASS
bplptr5/bplptr5_ecs: PASS
bplptr5/bplptr5_ocs: PASS
bplptr6/bplptr6_ecs: PASS
bplptr6/bplptr6_ocs: PASS
drop11/drop11_ecs: PASS
drop11/drop11_ocs: PASS
drop21/drop21_ocs: PASS
drop21/drop21_ecs: PASS
drop22/drop22_ocs: PASS
drop22/drop22_ecs: PASS
drop31/drop31_ecs: PASS
drop33/drop33_ecs: PASS
drop32/drop32_ecs: PASS
drop33/drop33_ocs: PASS
drop32/drop32_ocs: PASS
drop31/drop31_ocs: PASS
drop43/drop43_ecs: PASS
drop43/drop43_ocs: PASS
drop42/drop42_ecs: PASS
drop42/drop42_ocs: PASS
drop41/drop41_ocs: PASS
drop41/drop41_ecs: PASS
drop51/drop51_ecs: PASS
drop52/drop52_ecs: PASS
drop52/drop52_ocs: PASS
drop51/drop51_ocs: PASS
drop44/drop44_ocs: PASS
drop44/drop44_ecs: PASS
drop55/drop55_ocs: PASS
drop54/drop54_ecs: PASS
drop55/drop55_ecs: PASS
drop53/drop53_ocs: PASS
drop53/drop53_ecs: PASS
drop54/drop54_ocs: PASS
drop63/drop63_ecs: PASS
drop63/drop63_ocs: PASS
drop61/drop61_ecs: PASS
drop62/drop62_ecs: PASS
drop62/drop62_ocs: PASS
drop61/drop61_ocs: PASS
drop65/drop65_ecs: PASS
drop64/drop64_ocs: PASS
drop66/drop66_ocs: PASS
drop66/drop66_ecs: PASS
drop64/drop64_ecs: PASS
drop65/drop65_ocs: PASS
dropcpu41/dropcpu41_ocs: PASS
dropcpu43/dropcpu43_ecs: PASS
dropcpu42/dropcpu42_ecs: PASS
dropcpu41/dropcpu41_ecs: PASS
dropcpu42/dropcpu42_ocs: PASS
dropcpu43/dropcpu43_ocs: PASS
dropcpu61/dropcpu61_ocs: PASS
dropcpu62/dropcpu62_ocs: PASS
dropcpu61/dropcpu61_ecs: PASS
dropcpu62/dropcpu62_ecs: PASS
dropcpu44/dropcpu44_ocs: PASS
dropcpu44/dropcpu44_ecs: PASS
dropcpu63/dropcpu63_ecs: PASS
dropcpu64/dropcpu64_ocs: PASS
dropcpu65/dropcpu65_ecs: PASS
dropcpu65/dropcpu65_ocs: PASS
dropcpu64/dropcpu64_ecs: PASS
dropcpu63/dropcpu63_ocs: PASS
dropcpu66/dropcpu66_ecs: PASS
dropcpu66/dropcpu66_ocs: PASS
Entering /Users/hoff/vAmigaTS/Agnus/Registers/DMACON/
bltspr1/bltspr1_ocs: PASS
bploncop1/bploncop1_ecs: PASS
bploncop1/bploncop1_ocs: PASS
bltspr2/bltspr2_ocs: PASS
bltspr2/bltspr2_ecs: PASS
bltspr1/bltspr1_ecs: PASS
bploncop2/bploncop2_ecs: PASS
bploncop4/bploncop4_ocs: PASS
bploncop3/bploncop3_ocs: PASS
bploncop3/bploncop3_ecs: PASS
bploncop4/bploncop4_ecs: PASS
bploncop2/bploncop2_ocs: PASS
bploncpu3/bploncpu3_ecs: PASS
bploncpu1/bploncpu1_ocs: PASS
bploncpu1/bploncpu1_ecs: PASS
bploncpu2/bploncpu2_ocs: PASS
bploncpu3/bploncpu3_ocs: PASS
bploncpu2/bploncpu2_ecs: PASS
bploncpu4/bploncpu4_ecs: PASS
bploncpu4/bploncpu4_ocs: PASS
bpumod2/bpumod2_ecs: PASS
bpumod1/bpumod1_ecs: PASS
bpoffbug1/bpoffbug1: PASS
bpumod1/bpumod1_ocs: PASS
reenable2/reenable2: PASS
bpumod2/bpumod2_ocs: PASS
bpumod4/bpumod4_ecs: PASS
bpumod4/bpumod4_ocs: PASS
bpumod3/bpumod3_ecs: PASS
bpumod3/bpumod3_ocs: PASS
reenable3/reenable3: PASS
resmod1/resmod1_ecs: PASS
resmod2/resmod2_ocs: PASS
resmod1/resmod1_ocs: PASS
resmod3/resmod3_ecs: PASS
resmod2/resmod2_ecs: PASS
resmod3/resmod3_ocs: PASS
resmod4/resmod4_ocs: PASS
resmod4/resmod4_ecs: PASS
sprdiscop2/sprdiscop2_ecs: PASS
sprdiscop1/sprdiscop1_ecs: PASS
sprdiscop1/sprdiscop1_ocs: PASS
sprdiscop2/sprdiscop2_ocs: PASS
sprdiscop3/sprdiscop3_ecs: PASS
sprdiscpu1/sprdiscpu1_ocs: PASS
sprdiscpu1/sprdiscpu1_ecs: PASS
sprdiscpu2/sprdiscpu2_ecs: PASS
sprdiscop3/sprdiscop3_ocs: PASS
sprenacop1/sprenacop1_ocs: PASS
sprdiscpu3/sprdiscpu3_ecs: PASS
sprenacop1/sprenacop1_ecs: PASS
sprdiscpu3/sprdiscpu3_ocs: PASS
sprenacop2/sprenacop2_ecs: PASS
sprdiscpu2/sprdiscpu2_ocs: PASS
sprenacop2/sprenacop2_ocs: PASS
sprenacop3/sprenacop3_ocs: PASS
sprenacop3/sprenacop3_ecs: PASS
sprenacpu1/sprenacpu1_ocs: PASS
sprenacpu2/sprenacpu2_ecs: PASS
sprenacpu1/sprenacpu1_ecs: PASS
sprenacpu3/sprenacpu3_ecs: PASS
sprenacpu3/sprenacpu3_ocs: PASS
sprenacpu2/sprenacpu2_ocs: PASS
Entering /Users/hoff/vAmigaTS/Agnus/Registers/VPOS/
cycle01vh/cycle01vh_ecs: PASS
cycleD9v/cycleD9v_ecs: PASS
cycleD9v/cycleD9v_ocs: PASS
cycle01vh/cycle01vh_ocs: PASS
cycle01v/cycle01v_ecs: PASS
cycle01v/cycle01v_ocs: PASS
cycleD9vh/cycleD9vh_ecs: PASS
cycleD9vh/cycleD9vh_ocs: PASS
ersy1/ersy1_ocs: PASS
ersy1/ersy1_ecs: PASS
ersy2/ersy2_ocs: PASS
ersy2/ersy2_ecs: PASS
lof1/lof1_ECS: PASS
lof2/lof2_OCS: PASS
lof1/lof1_OCS: PASS
lof2/lof2_ECS: PASS
probe1/probe1_ocs: PASS
probe1/probe1_ecs: PASS
probe10/probe10_ocs: PASS
probe11/probe11_ocs: PASS
probe12/probe12_ocs: PASS
probe10/probe10_ecs: PASS
probe12/probe12_ecs: PASS
probe11/probe11_ecs: PASS
probe3/probe3_ocs: PASS
probe13/probe13_ocs: PASS
probe2/probe2_ecs: PASS
probe3/probe3_ecs: PASS
probe2/probe2_ocs: PASS
probe13/probe13_ecs: PASS
probe6/probe6_ocs: PASS
probe4/probe4_ocs: PASS
probe4/probe4_ecs: PASS
probe5/probe5_ocs: PASS
probe6/probe6_ecs: PASS
probe5/probe5_ecs: PASS
probe8/probe8_ocs: PASS
probe7/probe7_ocs: PASS
probe8/probe8_ecs: PASS
probe9/probe9_ecs: PASS
probe9/probe9_ocs: PASS
probe7/probe7_ecs: PASS
vhpos3/vhpos3_ecs: PASS
vhpos1/vhpos1_ecs: PASS
vhpos3/vhpos3_ocs: PASS
vhpos1/vhpos1_ocs: PASS
vhpos2/vhpos2_ocs: PASS
vhpos2/vhpos2_ecs: PASS
vhpos4/vhpos4_ocs: PASS
vhpos5/vhpos5_ocs: PASS
vhpos4/vhpos4_ecs: PASS
vhpos5/vhpos5_ecs: PASS
vprobe1/vprobe1_ocs: PASS
vprobe1/vprobe1_ecs: PASS
vprobe3/vprobe3_ecs: PASS
vprobe2/vprobe2_ecs: PASS
vprobe4/vprobe4_ocs: PASS
vprobe3/vprobe3_ocs: PASS
vprobe4/vprobe4_ecs: PASS
vprobe2/vprobe2_ocs: PASS
Entering /Users/hoff/vAmigaTS/Agnus/Registers/oldDMACON/
Entering /Users/hoff/vAmigaTS/CPU/

Entering /Users/hoff/vAmigaTS/CPU/68010/
Entering /Users/hoff/vAmigaTS/CPU/68010/Loopmode/
loopADD1l/loopADD1l_68010: PASS
colorloop/colorloop_68010: PASS
loopADD1w/loopADD1w_68010: PASS
loopADD2l/loopADD2l_68010: PASS
loopABCD1/loopABCD1_68010: PASS
loopADD2w/loopADD2w_68010: PASS
loopADD3l/loopADD3l_68010: PASS
loopADD5l/loopADD5l_68010: PASS
loopADD3w/loopADD3w_68010: PASS
loopADD4l/loopADD4l_68010: PASS
loopADD5w/loopADD5w_68010: PASS
loopADD4w/loopADD4w_68010: PASS
loopADDA2l/loopADDA2l_68010: PASS
loopADDA1/loopADDA1_68010: PASS
loopADDA1l/loopADDA1l_68010: PASS
loopCLR1l/loopCLR1l_68010: PASS
loopADDA2w/loopADDA2w_68010: PASS
loopADDA1w/loopADDA1w_68010: PASS
loopCLR1w/loopCLR1w_68010: PASS
loopCLR2w/loopCLR2w_68010: PASS
loopCLR3l/loopCLR3l_68010: PASS
loopCLR3w/loopCLR3w_68010: PASS
loopMove1b/loopMove1b_68010: PASS
loopCLR2l/loopCLR2l_68010: PASS
loopMove1w/loopMove1w_68010: PASS
loopMove2b/loopMove2b_68010: PASS
loopMove2w/loopMove2w_68010: PASS
loopMove3b/loopMove3b_68010: PASS
loopMove1l/loopMove1l_68010: PASS
loopMove2l/loopMove2l_68010: PASS
loopMove3l/loopMove3l_68010: PASS
loopTST2w/loopTST2w_68010: PASS
loopTST2l/loopTST2l_68010: PASS
loopMove3w/loopMove3w_68010: PASS
loopTST1w/loopTST1w_68010: PASS
loopTST1l/loopTST1l_68010: PASS
loopTST3l/loopTST3l_68010: PASS
loopTST3w/loopTST3w_68010: PASS
Entering /Users/hoff/vAmigaTS/CPU/68010/VBR/
VBR1/VBR1_68010: PASS
VBR2/VBR2_68010: PASS

Entering /Users/hoff/vAmigaTS/CPU/Exceptions/
Entering /Users/hoff/vAmigaTS/CPU/Exceptions/StackFrame/
addrerr10/addrerr10_68000: PASS
addrerr1/addrerr1_68000: PASS
addrerr1/addrerr1_68010: PASS
addrerr2/addrerr2_68010: PASS
addrerr10/addrerr10_68010: PASS
addrerr2/addrerr2_68000: PASS
addrerr4/addrerr4_68000: PASS
addrerr5/addrerr5_68010: PASS
addrerr3/addrerr3_68010: PASS
addrerr5/addrerr5_68000: PASS
addrerr3/addrerr3_68000: PASS
addrerr4/addrerr4_68010: PASS
addrerr8/addrerr8_68010: PASS
addrerr6/addrerr6_68000: PASS
addrerr8/addrerr8_68000: PASS
Scanline 0, pixel 0, sample 0: 60 00
addrerr6/addrerr6_68010: **** FAIL ****
addrerr7/addrerr7_68010: PASS
addrerr7/addrerr7_68000: PASS
stackframe2/stackframe2_68000: PASS
Scanline 0, pixel 0, sample 0: 60 00
stackframe2/stackframe2_68010: **** FAIL ****
stackframe1/stackframe1_68000: PASS
addrerr9/addrerr9_68000: PASS
addrerr9/addrerr9_68010: PASS
stackframe1/stackframe1_68010: PASS
stackframe3/stackframe3_68000: PASS
stackframe4/stackframe4_68010: PASS
stackframe5/stackframe5_68000: PASS
Scanline 0, pixel 0, sample 0: 60 00
stackframe3/stackframe3_68010: **** FAIL ****
stackframe4/stackframe4_68000: PASS
stackframe5/stackframe5_68010: PASS

Entering /Users/hoff/vAmigaTS/CPU/IPL/
Entering /Users/hoff/vAmigaTS/CPU/IPL/ABCD/
ABCD/ABCD_68010: PASS
ABCD/ABCD_68000: PASS
Entering /Users/hoff/vAmigaTS/CPU/IPL/ADD/
ADD1w/ADD1w_68000: PASS
ADD1b/ADD1b_68000: PASS
ADD1l/ADD1l_68010: PASS
ADD1w/ADD1w_68010: PASS
ADD1l/ADD1l_68000: PASS
ADD1b/ADD1b_68010: PASS
ADD2w/ADD2w_68010: PASS
ADD2b/ADD2b_68010: PASS
ADD2b/ADD2b_68000: PASS
ADD2l/ADD2l_68010: PASS
ADD2l/ADD2l_68000: PASS
ADD2w/ADD2w_68000: PASS
ADDA2l/ADDA2l_68000: PASS
ADDA2l/ADDA2l_68010: PASS
ADDA1w/ADDA1w_68010: PASS
ADDA1w/ADDA1w_68000: PASS
ADDA1l/ADDA1l_68010: PASS
ADDA1l/ADDA1l_68000: PASS
ADDQb/ADDQb_68010: PASS
ADDQl/ADDQl_68000: PASS
ADDA2w/ADDA2w_68010: PASS
ADDA2w/ADDA2w_68000: PASS
ADDQb/ADDQb_68000: PASS
ADDQl/ADDQl_68010: PASS
ADDX1b/ADDX1b_68010: PASS
ADDQw/ADDQw_68000: PASS
ADDX1b/ADDX1b_68000: PASS
ADDX1l/ADDX1l_68010: PASS
ADDQw/ADDQw_68010: PASS
ADDX1l/ADDX1l_68000: PASS
ADDX1w/ADDX1w_68000: PASS
ADDX2b/ADDX2b_68010: PASS
ADDX1w/ADDX1w_68010: PASS
ADDX2b/ADDX2b_68000: PASS
ADDX2l/ADDX2l_68000: PASS
ADDX2l/ADDX2l_68010: PASS
ADDX2w/ADDX2w_68010: PASS
ADDX3b/ADDX3b_68000: PASS
ADDX3l/ADDX3l_68000: PASS
ADDX3b/ADDX3b_68010: PASS
ADDX3l/ADDX3l_68010: PASS
ADDX2w/ADDX2w_68000: PASS
ADDX3w/ADDX3w_68000: PASS
ADDX3w/ADDX3w_68010: PASS
Entering /Users/hoff/vAmigaTS/CPU/IPL/AND/
AND1w/AND1w_68010: PASS
AND1w/AND1w_68000: PASS
AND2l/AND2l_68000: PASS
AND2l/AND2l_68010: PASS
AND2w/AND2w_68000: PASS
AND2w/AND2w_68010: PASS
ANDCCR/ANDCCR_68010: PASS
AND3w/AND3w_68000: PASS
AND3l/AND3l_68010: PASS
AND3w/AND3w_68010: PASS
ANDCCR/ANDCCR_68000: PASS
AND3l/AND3l_68000: PASS
Entering /Users/hoff/vAmigaTS/CPU/IPL/ASL/
AND1b/AND1b_68000: PASS
AND1l/AND1l_68000: PASS
ASL1b/ASL1b_68010: PASS
AND1l/AND1l_68010: PASS
AND1b/AND1b_68010: PASS
ASL1b/ASL1b_68000: PASS
ASL1w/ASL1w_68010: PASS
ASL1l/ASL1l_68000: PASS
ASL2w/ASL2w_68000: PASS
ASL2w/ASL2w_68010: PASS
ASL1l/ASL1l_68010: PASS
ASL1w/ASL1w_68000: PASS
ASL4w/ASL4w_68000: PASS
ASL3w/ASL3w_68010: PASS
ASL4w/ASL4w_68010: PASS
ASL3w/ASL3w_68000: PASS
Entering /Users/hoff/vAmigaTS/CPU/IPL/BCHG/
BCHG3/BCHG3_68000: PASS
BCHG1/BCHG1_68000: PASS
BCHG2/BCHG2_68010: PASS
BCHG2/BCHG2_68000: PASS
BCHG3/BCHG3_68010: PASS
BCHG1/BCHG1_68010: PASS
BCHG4/BCHG4_68010: PASS
BCHG4/BCHG4_68000: PASS
BCHG5/BCHG5_68000: PASS
BCHG5/BCHG5_68010: PASS
BCHG6/BCHG6_68000: PASS
BCHG6/BCHG6_68010: PASS
BCHG8/BCHG8_68000: PASS
BCHG7/BCHG7_68000: PASS
BCHG8/BCHG8_68010: PASS
BCHG7/BCHG7_68010: PASS
Entering /Users/hoff/vAmigaTS/CPU/IPL/BKPT/
Entering /Users/hoff/vAmigaTS/CPU/IPL/BSET/
BSET2/BSET2_68000: PASS
BSET1/BSET1_68010: PASS
BSET3/BSET3_68010: PASS
BSET2/BSET2_68010: PASS
BSET1/BSET1_68000: PASS
BSET3/BSET3_68000: PASS
Entering /Users/hoff/vAmigaTS/CPU/IPL/BSR/
BSR2/BSR2_68010: PASS
BSR1/BSR1_68000: PASS
BSR2/BSR2_68000: PASS
BSR1/BSR1_68010: PASS
Entering /Users/hoff/vAmigaTS/CPU/IPL/BTST/
BTST1/BTST1_68010: PASS
BTST1/BTST1_68000: PASS
Entering /Users/hoff/vAmigaTS/CPU/IPL/Bcc/
BEQ2/BEQ2_68010: PASS
BEQ1/BEQ1_68010: PASS
BEQ2/BEQ2_68000: PASS
BNE1/BNE1_68000: PASS
BEQ1/BEQ1_68000: PASS
BNE1/BNE1_68010: PASS
BRA1/BRA1_68000: PASS
BRA1/BRA1_68010: PASS
Entering /Users/hoff/vAmigaTS/CPU/IPL/CHK/
CHK1/CHK1_68010: PASS
CHK1b/CHK1b_68010: PASS
CHK1/CHK1_68000: PASS
CHK1b/CHK1b_68000: PASS
Entering /Users/hoff/vAmigaTS/CPU/IPL/CLR/
CLR1w/CLR1w_68000: PASS
CLR1l/CLR1l_68000: PASS
CLR1w/CLR1w_68010: PASS
CLR1b/CLR1b_68000: PASS
CLR1l/CLR1l_68010: PASS
CLR1b/CLR1b_68010: PASS
CLR2l/CLR2l_68000: PASS
CLR2w/CLR2w_68010: PASS
CLR2b/CLR2b_68000: PASS
CLR2l/CLR2l_68010: PASS
CLR2w/CLR2w_68000: PASS
CLR2b/CLR2b_68010: PASS
Entering /Users/hoff/vAmigaTS/CPU/IPL/CMP/
CMP1b/CMP1b_68010: PASS
CMP1l/CMP1l_68000: PASS
CMP1w/CMP1w_68010: PASS
CMP1b/CMP1b_68000: PASS
CMP1w/CMP1w_68000: PASS
CMP1l/CMP1l_68010: PASS
CMP2l/CMP2l_68010: PASS
CMP2w/CMP2w_68010: PASS
CMP2b/CMP2b_68000: PASS
CMP2b/CMP2b_68010: PASS
CMP2w/CMP2w_68000: PASS
CMP2l/CMP2l_68000: PASS
CMPA1w/CMPA1w_68000: PASS
CMPA1l/CMPA1l_68000: PASS
CMPA1w/CMPA1w_68010: PASS
CMPA2l/CMPA2l_68010: PASS
CMPA1l/CMPA1l_68010: PASS
CMPA2l/CMPA2l_68000: PASS
CMPI1l/CMPI1l_68010: PASS
CMPA2w/CMPA2w_68010: PASS
CMPA2w/CMPA2w_68000: PASS
CMPI1b/CMPI1b_68000: PASS
CMPI1l/CMPI1l_68000: PASS
CMPI1b/CMPI1b_68010: PASS
CMPI2b/CMPI2b_68010: PASS
CMPI2b/CMPI2b_68000: PASS
CMPI2l/CMPI2l_68010: PASS
CMPI1w/CMPI1w_68010: PASS
CMPI1w/CMPI1w_68000: PASS
CMPI2l/CMPI2l_68000: PASS
CMPI2w/CMPI2w_68000: PASS
CMPMl/CMPMl_68000: PASS
CMPMw/CMPMw_68010: PASS
CMPI2w/CMPI2w_68010: PASS
CMPMl/CMPMl_68010: PASS
CMPMw/CMPMw_68000: PASS
Entering /Users/hoff/vAmigaTS/CPU/IPL/DBcc/
DBRA1/DBRA1_68000: PASS
DBEQ2/DBEQ2_68000: PASS
DBEQ1/DBEQ1_68010: PASS
DBEQ1/DBEQ1_68000: PASS
DBEQ2/DBEQ2_68010: PASS
DBRA1/DBRA1_68010: PASS
Entering /Users/hoff/vAmigaTS/CPU/IPL/DIV/
DIVU1/DIVU1_68010: PASS
DIVS1/DIVS1_68000: PASS
DIVS2/DIVS2_68010: PASS
DIVS1/DIVS1_68010: PASS
DIVU1/DIVU1_68000: PASS
DIVS2/DIVS2_68000: PASS
DIVU2/DIVU2_68000: PASS
DIVU2/DIVU2_68010: PASS
Entering /Users/hoff/vAmigaTS/CPU/IPL/EXG/
EXG1/EXG1_68010: PASS
EXG1/EXG1_68000: PASS
Entering /Users/hoff/vAmigaTS/CPU/IPL/EXT/
EXT1w/EXT1w_68000: PASS
EXT1l/EXT1l_68000: PASS
EXT1l/EXT1l_68010: PASS
EXT1w/EXT1w_68010: PASS
Entering /Users/hoff/vAmigaTS/CPU/IPL/ILLEGAL/
ILLEGAL1/ILLEGAL1_68000: PASS
ILLEGAL1/ILLEGAL1_68010: PASS
Entering /Users/hoff/vAmigaTS/CPU/IPL/JMP/
JMP1/JMP1_68010: PASS
JMP1/JMP1_68000: PASS
Entering /Users/hoff/vAmigaTS/CPU/IPL/JSR/
JSR1/JSR1_68000: PASS
JSR1/JSR1_68010: PASS
Entering /Users/hoff/vAmigaTS/CPU/IPL/LEA/
LEA1/LEA1_68000: PASS
LEA1/LEA1_68010: PASS
Entering /Users/hoff/vAmigaTS/CPU/IPL/LINK/
LINK1/LINK1_68000: PASS
LINK1/LINK1_68010: PASS
Entering /Users/hoff/vAmigaTS/CPU/IPL/LSL/
LSL1b/LSL1b_68010: PASS
LSL1l/LSL1l_68010: PASS
LSL1l/LSL1l_68000: PASS
LSL1w/LSL1w_68000: PASS
LSL1w/LSL1w_68010: PASS
LSL1b/LSL1b_68000: PASS
LSL4w/LSL4w_68010: PASS
LSL3w/LSL3w_68010: PASS
LSL4w/LSL4w_68000: PASS
LSL3w/LSL3w_68000: PASS
LSL2w/LSL2w_68010: PASS
LSL2w/LSL2w_68000: PASS
Entering /Users/hoff/vAmigaTS/CPU/IPL/MOVE1/
MOVE1w/MOVE1w_68000: PASS
MOVE1w/MOVE1w_68010: PASS
MOVE1l/MOVE1l_68010: PASS
MOVE1l/MOVE1l_68000: PASS
MOVE1b/MOVE1b_68010: PASS
MOVE1b/MOVE1b_68000: PASS
Entering /Users/hoff/vAmigaTS/CPU/IPL/MOVE2/
MOVE2_12b/MOVE2_12b_68000: PASS
MOVE2_12w/MOVE2_12w_68010: PASS
MOVE2_12w/MOVE2_12w_68000: PASS
MOVE2_12l/MOVE2_12l_68010: PASS
MOVE2_12l/MOVE2_12l_68000: PASS
MOVE2_12b/MOVE2_12b_68010: PASS
MOVE2_1w/MOVE2_1w_68010: PASS
MOVE2_1w/MOVE2_1w_68000: PASS
MOVE2_1l/MOVE2_1l_68000: PASS
MOVE2_1b/MOVE2_1b_68010: PASS
MOVE2_1l/MOVE2_1l_68010: PASS
MOVE2_1b/MOVE2_1b_68000: PASS
MOVE2_3l/MOVE2_3l_68010: PASS
MOVE2_3w/MOVE2_3w_68000: PASS
MOVE2_3w/MOVE2_3w_68010: PASS
MOVE2_3b/MOVE2_3b_68010: PASS
MOVE2_3l/MOVE2_3l_68000: PASS
MOVE2_3b/MOVE2_3b_68000: PASS
MOVE2_4l/MOVE2_4l_68000: PASS
MOVE2_4l/MOVE2_4l_68010: PASS
MOVE2_4b/MOVE2_4b_68000: PASS
MOVE2_4w/MOVE2_4w_68010: PASS
MOVE2_4b/MOVE2_4b_68010: PASS
MOVE2_4w/MOVE2_4w_68000: PASS
MOVE2_5l/MOVE2_5l_68010: PASS
MOVE2_5b/MOVE2_5b_68010: PASS
MOVE2_5w/MOVE2_5w_68010: PASS
MOVE2_5l/MOVE2_5l_68000: PASS
MOVE2_5b/MOVE2_5b_68000: PASS
MOVE2_5w/MOVE2_5w_68000: PASS
MOVE2_6b/MOVE2_6b_68000: PASS
MOVE2_6l/MOVE2_6l_68010: PASS
MOVE2_6w/MOVE2_6w_68010: PASS
MOVE2_6w/MOVE2_6w_68000: PASS
MOVE2_6b/MOVE2_6b_68010: PASS
MOVE2_6l/MOVE2_6l_68000: PASS
MOVE2_7l/MOVE2_7l_68010: PASS
MOVE2_7l/MOVE2_7l_68000: PASS
MOVE2_7b/MOVE2_7b_68000: PASS
MOVE2_7b/MOVE2_7b_68010: PASS
MOVE2_7w/MOVE2_7w_68010: PASS
MOVE2_7w/MOVE2_7w_68000: PASS
MOVE2_9l/MOVE2_9l_68010: PASS
MOVE2_9w/MOVE2_9w_68000: PASS
MOVE2_9w/MOVE2_9w_68010: PASS
MOVE2_9b/MOVE2_9b_68000: PASS
MOVE2_9l/MOVE2_9l_68000: PASS
MOVE2_9b/MOVE2_9b_68010: PASS
MOVE2l/MOVE2l_68010: PASS
MOVE2w/MOVE2w_68010: PASS
MOVE2b/MOVE2b_68000: PASS
MOVE2w/MOVE2w_68000: PASS
MOVE2b/MOVE2b_68010: PASS
MOVE2l/MOVE2l_68000: PASS
Entering /Users/hoff/vAmigaTS/CPU/IPL/MOVE3/
MOVE3b/MOVE3b_68000: PASS
MOVE3w/MOVE3w_68000: PASS
MOVE3l/MOVE3l_68010: PASS
MOVE3b/MOVE3b_68010: PASS
MOVE3l/MOVE3l_68000: PASS
MOVE3w/MOVE3w_68010: PASS
Entering /Users/hoff/vAmigaTS/CPU/IPL/MOVE4/
MOVE4l/MOVE4l_68010: PASS
MOVE4b/MOVE4b_68010: PASS
MOVE4l/MOVE4l_68000: PASS
MOVE4w/MOVE4w_68000: PASS
MOVE4b/MOVE4b_68000: PASS
MOVE4w/MOVE4w_68010: PASS
Entering /Users/hoff/vAmigaTS/CPU/IPL/MOVE5/
MOVE5b/MOVE5b_68010: PASS
MOVE5b/MOVE5b_68000: PASS
MOVE5l/MOVE5l_68010: PASS
MOVE5w/MOVE5w_68010: PASS
MOVE5l/MOVE5l_68000: PASS
MOVE5w/MOVE5w_68000: PASS
Entering /Users/hoff/vAmigaTS/CPU/IPL/MOVE6/
MOVE6l/MOVE6l_68000: PASS
MOVE6b/MOVE6b_68010: PASS
MOVE6w/MOVE6w_68010: PASS
MOVE6w/MOVE6w_68000: PASS
MOVE6l/MOVE6l_68010: PASS
MOVE6b/MOVE6b_68000: PASS
Entering /Users/hoff/vAmigaTS/CPU/IPL/MOVE7/
MOVE7w/MOVE7w_68000: PASS
MOVE7b/MOVE7b_68000: PASS
MOVE7w/MOVE7w_68010: PASS
MOVE7l/MOVE7l_68010: PASS
MOVE7l/MOVE7l_68000: PASS
MOVE7b/MOVE7b_68010: PASS
Entering /Users/hoff/vAmigaTS/CPU/IPL/MOVE8/
MOVE8w/MOVE8w_68000: PASS
MOVE8w/MOVE8w_68010: PASS
MOVE8b/MOVE8b_68010: PASS
MOVE8l/MOVE8l_68010: PASS
MOVE8b/MOVE8b_68000: PASS
MOVE8l/MOVE8l_68000: PASS
Entering /Users/hoff/vAmigaTS/CPU/IPL/MOVEA/
MOVEA2l/MOVEA2l_68010: PASS
MOVEA1l/MOVEA1l_68000: PASS
MOVEA1l/MOVEA1l_68010: PASS
MOVEA2l/MOVEA2l_68000: PASS
MOVEA1w/MOVEA1w_68010: PASS
MOVEA1w/MOVEA1w_68000: PASS
MOVEA2w/MOVEA2w_68010: PASS
MOVEA2w/MOVEA2w_68000: PASS
Entering /Users/hoff/vAmigaTS/CPU/IPL/MOVEC/
MOVEC1/MOVEC1_68010: PASS
MOVEC1/MOVEC1_68000: PASS
MOVEC2/MOVEC2_68010: PASS
MOVEC2/MOVEC2_68000: PASS
Entering /Users/hoff/vAmigaTS/CPU/IPL/MOVECCR/
MOVECCR1/MOVECCR1_68000: PASS
MOVECCR1/MOVECCR1_68010: PASS
MOVECCR2/MOVECCR2_68000: PASS
MOVECCR2/MOVECCR2_68010: PASS
Entering /Users/hoff/vAmigaTS/CPU/IPL/MOVEM/
MOVEM1/MOVEM1_68010: PASS
MOVEM2/MOVEM2_68010: PASS
MOVEM2/MOVEM2_68000: PASS
MOVEM1/MOVEM1_68000: PASS
Entering /Users/hoff/vAmigaTS/CPU/IPL/MOVEP/
MOVEP1w/MOVEP1w_68000: PASS
MOVEP1l/MOVEP1l_68010: PASS
MOVEP1l/MOVEP1l_68000: PASS
MOVEP1w/MOVEP1w_68010: PASS
MOVEP2l/MOVEP2l_68000: PASS
MOVEP2l/MOVEP2l_68010: PASS
MOVEP2w/MOVEP2w_68000: PASS
MOVEP2w/MOVEP2w_68010: PASS
Entering /Users/hoff/vAmigaTS/CPU/IPL/MOVEQ/
MOVEQ/MOVEQ_68010: PASS
MOVEQ/MOVEQ_68000: PASS
Entering /Users/hoff/vAmigaTS/CPU/IPL/MOVES/
MOVES14/MOVES14_68010: PASS
MOVES1/MOVES1_68010: PASS
MOVES11/MOVES11_68010: PASS
MOVES13/MOVES13_68010: PASS
MOVES10/MOVES10_68010: PASS
MOVES12/MOVES12_68010: PASS
MOVES4/MOVES4_68010: PASS
MOVES3/MOVES3_68010: PASS
MOVES5/MOVES5_68010: PASS
MOVES16/MOVES16_68010: PASS
MOVES2/MOVES2_68010: PASS
MOVES15/MOVES15_68010: PASS
MOVES6/MOVES6_68010: PASS
MOVES9/MOVES9_68010: PASS
MOVES8/MOVES8_68010: PASS
MOVES7/MOVES7_68010: PASS
Entering /Users/hoff/vAmigaTS/CPU/IPL/MUL/
MULU2/MULU2_68000: PASS
MULU3/MULU3_68000: PASS
MULU1/MULU1_68000: PASS
MULU3/MULU3_68010: PASS
MULU2/MULU2_68010: PASS
MULU1/MULU1_68010: PASS
Entering /Users/hoff/vAmigaTS/CPU/IPL/NBCD/
NBCD1/NBCD1_68000: PASS
NBCD2/NBCD2_68010: PASS
NBCD1/NBCD1_68010: PASS
NBCD2/NBCD2_68000: PASS
Entering /Users/hoff/vAmigaTS/CPU/IPL/NEG/
NEG1w/NEG1w_68010: PASS
NEG1w/NEG1w_68000: PASS
NEG1l/NEG1l_68000: PASS
NEG1b/NEG1b_68000: PASS
NEG1l/NEG1l_68010: PASS
NEG1b/NEG1b_68010: PASS
NEG2b/NEG2b_68010: PASS
NEG2w/NEG2w_68010: PASS
NEG2l/NEG2l_68000: PASS
NEG2b/NEG2b_68000: PASS
NEG2w/NEG2w_68000: PASS
NEG2l/NEG2l_68010: PASS
Entering /Users/hoff/vAmigaTS/CPU/IPL/NOP/
NOP/NOP_68000: PASS
NOP/NOP_68010: PASS
Entering /Users/hoff/vAmigaTS/CPU/IPL/NOT/
NOT1w/NOT1w_68010: PASS
NOT1l/NOT1l_68000: PASS
NOT1b/NOT1b_68000: PASS
NOT1w/NOT1w_68000: PASS
NOT1l/NOT1l_68010: PASS
NOT1b/NOT1b_68010: PASS
NOT2b/NOT2b_68010: PASS
NOT2l/NOT2l_68010: PASS
NOT2w/NOT2w_68000: PASS
NOT2l/NOT2l_68000: PASS
NOT2b/NOT2b_68000: PASS
NOT2w/NOT2w_68010: PASS
Entering /Users/hoff/vAmigaTS/CPU/IPL/PEA/
PEA1/PEA1_68000: PASS
PEA2/PEA2_68010: PASS
PEA3/PEA3_68010: PASS
PEA3/PEA3_68000: PASS
PEA2/PEA2_68000: PASS
PEA1/PEA1_68010: PASS
PEA4/PEA4_68000: PASS
PEA5/PEA5_68000: PASS
PEA4/PEA4_68010: PASS
PEA6/PEA6_68010: PASS
PEA6/PEA6_68000: PASS
PEA5/PEA5_68010: PASS
Entering /Users/hoff/vAmigaTS/CPU/IPL/RTE/
RTE1/RTE1_68000: PASS
RTE1/RTE1_68010: PASS
Entering /Users/hoff/vAmigaTS/CPU/IPL/RTS/
RTR1/RTR1_68000: PASS
RTS2/RTS2_68010: PASS
RTR1/RTR1_68010: PASS
RTS1/RTS1_68000: PASS
RTS2/RTS2_68000: PASS
RTS1/RTS1_68010: PASS
Entering /Users/hoff/vAmigaTS/CPU/IPL/SUB/
SUB1w/SUB1w_68000: PASS
SUB1w/SUB1w_68010: PASS
Entering /Users/hoff/vAmigaTS/CPU/IPL/SWAP/
SWAP1/SWAP1_68010: PASS
SWAP1/SWAP1_68000: PASS
Entering /Users/hoff/vAmigaTS/CPU/IPL/Scc/
SEQ1/SEQ1_68010: PASS
SEQ2/SEQ2_68010: PASS
SNE1/SNE1_68000: PASS
SNE1/SNE1_68010: PASS
SEQ2/SEQ2_68000: PASS
SEQ1/SEQ1_68000: PASS
SNE2/SNE2_68010: PASS
SNE2/SNE2_68000: PASS
Entering /Users/hoff/vAmigaTS/CPU/IPL/TAS/
TAS1/TAS1_68010: PASS
TAS1/TAS1_68000: PASS
TAS2/TAS2_68010: PASS
TAS2/TAS2_68000: PASS
Entering /Users/hoff/vAmigaTS/CPU/IPL/TRAP/
TRAP2/TRAP2_68000: PASS
TRAP1/TRAP1_68010: PASS
TRAPV1/TRAPV1_68010: PASS
TRAP1/TRAP1_68000: PASS
TRAPV1/TRAPV1_68000: PASS
TRAP2/TRAP2_68010: PASS
TRAPV4/TRAPV4_68000: PASS
TRAPV2/TRAPV2_68000: PASS
TRAPV2/TRAPV2_68010: PASS
TRAPV3/TRAPV3_68010: PASS
TRAPV3/TRAPV3_68000: PASS
TRAPV4/TRAPV4_68010: PASS
Entering /Users/hoff/vAmigaTS/CPU/IPL/TST/
TST1b/TST1b_68000: PASS
TST1b/TST1b_68010: PASS
TST1w/TST1w_68010: PASS
TST1w/TST1w_68000: PASS
TST1l/TST1l_68000: PASS
TST1l/TST1l_68010: PASS
TST2b/TST2b_68010: PASS
TST2w/TST2w_68010: PASS
TST2l/TST2l_68010: PASS
TST2w/TST2w_68000: PASS
TST2b/TST2b_68000: PASS
TST2l/TST2l_68000: PASS
Entering /Users/hoff/vAmigaTS/CPU/IPL/UNLK/
UNLK1/UNLK1_68010: PASS
UNLK1/UNLK1_68000: PASS

Entering /Users/hoff/vAmigaTS/CPU/IPL2/
Entering /Users/hoff/vAmigaTS/CPU/IPL2/AND/
ANDCCR/ANDCCR_68010: PASS
ANDCCR/ANDCCR_68000: PASS
Entering /Users/hoff/vAmigaTS/CPU/IPL2/BKPT/
Scanline 6, pixel 284, sample 0: 60 f0
BKPT1/BKPT1_68010: **** FAIL ****
BKPT1/BKPT1_68000: PASS
Entering /Users/hoff/vAmigaTS/CPU/IPL2/MOVE1/
moveRgRg/moveRgRg_68000: PASS
moveRgRg/moveRgRg_68010: PASS

Entering /Users/hoff/vAmigaTS/CPU/Misc/
Entering /Users/hoff/vAmigaTS/CPU/Misc/Order/
moveorder1/moveorder1_68000: PASS
moveorder1/moveorder1_68010: PASS
Entering /Users/hoff/vAmigaTS/CPU/Misc/Prefetch/
prefetch3/prefetch3_68000: PASS
prefetch2/prefetch2_68000: PASS
prefetch3/prefetch3_68010: PASS
prefetch2/prefetch2_68010: PASS
prefetch1/prefetch1_68010: PASS
prefetch1/prefetch1_68000: PASS
prefetch6/prefetch6_68010: PASS
prefetch6/prefetch6_68000: PASS
prefetch5/prefetch5_68010: PASS
prefetch4/prefetch4_68000: PASS
prefetch4/prefetch4_68010: PASS
prefetch5/prefetch5_68000: PASS
Entering /Users/hoff/vAmigaTS/CPU/Misc/Timing/
timing2/timing2_68000: PASS
timing1/timing1_68010: PASS
timing2/timing2_68010: PASS
timing1/timing1_68000: PASS
timing3/timing3_68000: PASS
timing3/timing3_68010: PASS
timing5/timing5_68010: PASS
timing4/timing4_68000: PASS
timing6/timing6_68000: PASS
timing5/timing5_68000: PASS
timing4/timing4_68010: PASS
timing6/timing6_68010: PASS
timing7/timing7_68010: PASS
timing7/timing7_68000: PASS
Entering /Users/hoff/vAmigaTS/CPU/Misc/Trace/
trace4/trace4_68000: PASS
trace5/trace5_68010: PASS
trace4b/trace4b_68000: PASS
trace4b/trace4b_68010: PASS
trace5/trace5_68000: PASS
trace4/trace4_68010: PASS
trace6b/trace6b_68000: PASS
trace5b/trace5b_68000: PASS
trace6b/trace6b_68010: PASS
trace6/trace6_68010: PASS
trace5b/trace5b_68010: PASS
trace6/trace6_68000: PASS

Entering /Users/hoff/vAmigaTS/CPU/Timing/
Entering /Users/hoff/vAmigaTS/CPU/Timing/ABCD/
ABCD2/ABCD2_68000: PASS
ABCD3/ABCD3_68000: PASS
ABCD2/ABCD2_68010: PASS
ABCD3/ABCD3_68010: PASS
ABCD/ABCD_68000: PASS
ABCD/ABCD_68010: PASS
Entering /Users/hoff/vAmigaTS/CPU/Timing/ADD/
ADD1l/ADD1l_68000: PASS
ADD1w/ADD1w_68000: PASS
ADD1l/ADD1l_68010: PASS
ADD1b/ADD1b_68000: PASS
ADD1w/ADD1w_68010: PASS
ADD1b/ADD1b_68010: PASS
ADD2w/ADD2w_68010: PASS
ADD2l/ADD2l_68010: PASS
ADD2w/ADD2w_68000: PASS
ADD2b/ADD2b_68010: PASS
ADD2b/ADD2b_68000: PASS
ADD2l/ADD2l_68000: PASS
ADDA1l/ADDA1l_68010: PASS
ADDA1l/ADDA1l_68000: PASS
ADDA1w/ADDA1w_68000: PASS
ADDA2l/ADDA2l_68000: PASS
ADDA1w/ADDA1w_68010: PASS
ADDA2l/ADDA2l_68010: PASS
ADDQ1l/ADDQ1l_68000: PASS
ADDQ1b/ADDQ1b_68010: PASS
ADDQ1l/ADDQ1l_68010: PASS
ADDA2w/ADDA2w_68000: PASS
ADDA2w/ADDA2w_68010: PASS
ADDQ1b/ADDQ1b_68000: PASS
ADDQ2b/ADDQ2b_68010: PASS
ADDQ2l/ADDQ2l_68000: PASS
ADDQ2b/ADDQ2b_68000: PASS
ADDQ1w/ADDQ1w_68010: PASS
ADDQ2l/ADDQ2l_68010: PASS
ADDQ1w/ADDQ1w_68000: PASS
ADDQ2w/ADDQ2w_68000: PASS
ADDQ3w/ADDQ3w_68000: PASS
ADDQ3w/ADDQ3w_68010: PASS
ADDQ3l/ADDQ3l_68000: PASS
ADDQ2w/ADDQ2w_68010: PASS
ADDQ3l/ADDQ3l_68010: PASS
ADDXw/ADDXw_68010: PASS
ADDXb/ADDXb_68010: PASS
ADDXl/ADDXl_68000: PASS
ADDXb/ADDXb_68000: PASS
ADDXl/ADDXl_68010: PASS
ADDXw/ADDXw_68000: PASS
Entering /Users/hoff/vAmigaTS/CPU/Timing/AND/
AND1w/AND1w_68010: PASS
AND1l/AND1l_68000: PASS
AND1l/AND1l_68010: PASS
AND1w/AND1w_68000: PASS
AND1b/AND1b_68000: PASS
AND1b/AND1b_68010: PASS
AND2l/AND2l_68000: PASS
AND2w/AND2w_68000: PASS
AND2l/AND2l_68010: PASS
AND3l/AND3l_68000: PASS
AND2w/AND2w_68010: PASS
AND3l/AND3l_68010: PASS
AND3w/AND3w_68000: PASS
ANDCCR/ANDCCR_68010: PASS
ANDCCR/ANDCCR_68000: PASS
AND3w/AND3w_68010: PASS
Entering /Users/hoff/vAmigaTS/CPU/Timing/ASL/
ASL1b/ASL1b_68010: PASS
ASL1b/ASL1b_68000: PASS
ASL1w/ASL1w_68010: PASS
ASL1l/ASL1l_68000: PASS
ASL1w/ASL1w_68000: PASS
ASL1l/ASL1l_68010: PASS
ASL2w/ASL2w_68000: PASS
ASL2w/ASL2w_68010: PASS
Entering /Users/hoff/vAmigaTS/CPU/Timing/BCHG/
BCHG2/BCHG2_68010: PASS
BCHG2/BCHG2_68000: PASS
BCHG1/BCHG1_68010: PASS
BCHG1/BCHG1_68000: PASS
Entering /Users/hoff/vAmigaTS/CPU/Timing/BKPT/
Scanline 55, pixel 456, sample 1: f0 00
BKPT1/BKPT1_68010: **** FAIL ****
Entering /Users/hoff/vAmigaTS/CPU/Timing/BSET/
BSET2/BSET2_68000: PASS
BSET1/BSET1_68000: PASS
BSET2/BSET2_68010: PASS
BSET1/BSET1_68010: PASS
Entering /Users/hoff/vAmigaTS/CPU/Timing/BSR/
BSR2/BSR2_68000: PASS
BSR2/BSR2_68010: PASS
BSR1/BSR1_68000: PASS
BSR1/BSR1_68010: PASS
Entering /Users/hoff/vAmigaTS/CPU/Timing/BTST/
BTST1/BTST1_68010: PASS
BTST3/BTST3_68010: PASS
BTST3/BTST3_68000: PASS
BTST2/BTST2_68000: PASS
BTST2/BTST2_68010: PASS
BTST1/BTST1_68000: PASS
Entering /Users/hoff/vAmigaTS/CPU/Timing/Bcc/
BEQ1b/BEQ1b_68000: PASS
BEQ1b/BEQ1b_68010: PASS
BRA1/BRA1_68000: PASS
BRA1/BRA1_68010: PASS
BEQ1/BEQ1_68010: PASS
BEQ1/BEQ1_68000: PASS
BRA1c/BRA1c_68010: PASS
BRA1b/BRA1b_68010: PASS
BRA1c/BRA1c_68000: PASS
BRA1b/BRA1b_68000: PASS
Entering /Users/hoff/vAmigaTS/CPU/Timing/CHK/
CHK1/CHK1_68000: PASS
CHK2/CHK2_68000: PASS
CHK3/CHK3_68010: PASS
CHK3/CHK3_68000: PASS
CHK1/CHK1_68010: PASS
CHK2/CHK2_68010: PASS
CHK4/CHK4_68010: PASS
CHK5/CHK5_68010: PASS
CHK4/CHK4_68000: PASS
CHK6/CHK6_68010: PASS
CHK6/CHK6_68000: PASS
CHK5/CHK5_68000: PASS
Entering /Users/hoff/vAmigaTS/CPU/Timing/CLR/
CLR1l/CLR1l_68010: PASS
CLR1l/CLR1l_68000: PASS
CLR1ll/CLR1ll_68010: PASS
CLR1ll/CLR1ll_68000: PASS
CLR1b/CLR1b_68010: PASS
CLR1b/CLR1b_68000: PASS
CLR1w/CLR1w_68010: PASS
CLR2b/CLR2b_68000: PASS
CLR1w/CLR1w_68000: PASS
CLR2b/CLR2b_68010: PASS
CLR2l/CLR2l_68010: PASS
CLR2l/CLR2l_68000: PASS
CLR2ll/CLR2ll_68010: PASS
CLR3b/CLR3b_68010: PASS
CLR3b/CLR3b_68000: PASS
CLR2w/CLR2w_68000: PASS
CLR2ll/CLR2ll_68000: PASS
CLR2w/CLR2w_68010: PASS
CLR3l/CLR3l_68000: PASS
CLR3w/CLR3w_68000: PASS
CLR3w/CLR3w_68010: PASS
CLR3l/CLR3l_68010: PASS
CLR4b/CLR4b_68010: PASS
CLR4b/CLR4b_68000: PASS
CLR4w/CLR4w_68010: PASS
CLR4l/CLR4l_68000: PASS
CLR4w/CLR4w_68000: PASS
CLR4l/CLR4l_68010: PASS
Entering /Users/hoff/vAmigaTS/CPU/Timing/CMP/
CMP1l/CMP1l_68000: PASS
CMP1b/CMP1b_68000: PASS
CMP1b/CMP1b_68010: PASS
CMP1l/CMP1l_68010: PASS
CMP1w/CMP1w_68010: PASS
CMP1w/CMP1w_68000: PASS
CMP2w/CMP2w_68000: PASS
CMP2l/CMP2l_68010: PASS
CMP2b/CMP2b_68010: PASS
CMP2b/CMP2b_68000: PASS
CMP2l/CMP2l_68000: PASS
CMP2w/CMP2w_68010: PASS
CMP3b/CMP3b_68000: PASS
CMP3l/CMP3l_68010: PASS
CMP3l/CMP3l_68000: PASS
CMP3w/CMP3w_68000: PASS
CMP3b/CMP3b_68010: PASS
CMP3w/CMP3w_68010: PASS
CMP4b/CMP4b_68000: PASS
CMP4l/CMP4l_68000: PASS
CMP4w/CMP4w_68000: PASS
CMP4w/CMP4w_68010: PASS
CMP4l/CMP4l_68010: PASS
CMP4b/CMP4b_68010: PASS
CMP5w/CMP5w_68000: PASS
CMP5b/CMP5b_68000: PASS
CMP5l/CMP5l_68000: PASS
CMP5b/CMP5b_68010: PASS
CMP5l/CMP5l_68010: PASS
CMP5w/CMP5w_68010: PASS
CMPA1l/CMPA1l_68010: PASS
CMPA1w/CMPA1w_68010: PASS
CMPA2l/CMPA2l_68000: PASS
CMPA1l/CMPA1l_68000: PASS
CMPA1w/CMPA1w_68000: PASS
CMPA2l/CMPA2l_68010: PASS
CMPI1b/CMPI1b_68010: PASS
CMPI1b/CMPI1b_68000: PASS
CMPI1l/CMPI1l_68000: PASS
CMPA2w/CMPA2w_68000: PASS
CMPI1l/CMPI1l_68010: PASS
CMPA2w/CMPA2w_68010: PASS
CMPI1w/CMPI1w_68000: PASS
CMPI1w/CMPI1w_68010: PASS
CMPI2l/CMPI2l_68010: PASS
CMPI2l/CMPI2l_68000: PASS
CMPI2b/CMPI2b_68010: PASS
CMPI2b/CMPI2b_68000: PASS
CMPI2w/CMPI2w_68000: PASS
CMPI2w/CMPI2w_68010: PASS
CMPMl/CMPMl_68010: PASS
CMPMb/CMPMb_68010: PASS
CMPMl/CMPMl_68000: PASS
CMPMb/CMPMb_68000: PASS
CMPMw/CMPMw_68010: PASS
CMPMw/CMPMw_68000: PASS
Entering /Users/hoff/vAmigaTS/CPU/Timing/DBcc/
DBEQ2/DBEQ2_68000: PASS
DBEQ2/DBEQ2_68010: PASS
DBEQ3/DBEQ3_68000: PASS
DBEQ1/DBEQ1_68010: PASS
DBEQ3/DBEQ3_68010: PASS
DBEQ1/DBEQ1_68000: PASS
DBRA1/DBRA1_68000: PASS
DBRA1b/DBRA1b_68010: PASS
DBRA1b/DBRA1b_68000: PASS
DBRA1/DBRA1_68010: PASS
DBRA1c/DBRA1c_68010: PASS
DBRA1c/DBRA1c_68000: PASS
Entering /Users/hoff/vAmigaTS/CPU/Timing/DIV/
DIVS1/DIVS1_68010: PASS
DIVU1/DIVU1_68010: PASS
DIVU1/DIVU1_68000: PASS
DIVS1/DIVS1_68000: PASS
Entering /Users/hoff/vAmigaTS/CPU/Timing/EXG/
EXG1/EXG1_68000: PASS
EXG1/EXG1_68010: PASS
Entering /Users/hoff/vAmigaTS/CPU/Timing/EXT/
EXT1w/EXT1w_68000: PASS
EXT1w/EXT1w_68010: PASS
EXT1l/EXT1l_68010: PASS
EXT1l/EXT1l_68000: PASS
Entering /Users/hoff/vAmigaTS/CPU/Timing/JMP/
JMP2/JMP2_68010: PASS
JMP3/JMP3_68010: PASS
JMP1/JMP1_68000: PASS
JMP1/JMP1_68010: PASS
JMP3/JMP3_68000: PASS
JMP2/JMP2_68000: PASS
Entering /Users/hoff/vAmigaTS/CPU/Timing/JSR/
JSR1/JSR1_68000: PASS
JSR2/JSR2_68010: PASS
JSR2/JSR2_68000: PASS
JSR1/JSR1_68010: PASS
Entering /Users/hoff/vAmigaTS/CPU/Timing/LEA/
LEA1/LEA1_68000: PASS
LEA1/LEA1_68010: PASS
Entering /Users/hoff/vAmigaTS/CPU/Timing/LINK/
LINK2/LINK2_68000: PASS
LINK1/LINK1_68000: PASS
LINK2/LINK2_68010: PASS
LINK1/LINK1_68010: PASS
Entering /Users/hoff/vAmigaTS/CPU/Timing/MOVE1/
MOVE11W/MOVE11W_68010: PASS
MOVE11L/MOVE11L_68000: PASS
MOVE11B/MOVE11B_68000: PASS
MOVE11L/MOVE11L_68010: PASS
MOVE11W/MOVE11W_68000: PASS
MOVE11B/MOVE11B_68010: PASS
MOVE1W/MOVE1W_68000: PASS
MOVE1B/MOVE1B_68000: PASS
MOVE1L/MOVE1L_68000: PASS
MOVE1W/MOVE1W_68010: PASS
MOVE1L/MOVE1L_68010: PASS
MOVE1B/MOVE1B_68010: PASS
Entering /Users/hoff/vAmigaTS/CPU/Timing/MOVE2/
MOVE22B/MOVE22B_68000: PASS
MOVE22W/MOVE22W_68000: PASS
MOVE22B/MOVE22B_68010: PASS
MOVE22W/MOVE22W_68010: PASS
MOVE22L/MOVE22L_68010: PASS
MOVE22L/MOVE22L_68000: PASS
MOVE2B/MOVE2B_68000: PASS
MOVE2W/MOVE2W_68000: PASS
MOVE2W/MOVE2W_68010: PASS
MOVE2B/MOVE2B_68010: PASS
MOVE2L/MOVE2L_68010: PASS
MOVE2L/MOVE2L_68000: PASS
Entering /Users/hoff/vAmigaTS/CPU/Timing/MOVE3/
MOVE33W/MOVE33W_68000: PASS
MOVE33B/MOVE33B_68000: PASS
MOVE33W/MOVE33W_68010: PASS
MOVE33B/MOVE33B_68010: PASS
MOVE33L/MOVE33L_68010: PASS
MOVE33L/MOVE33L_68000: PASS
MOVE3W/MOVE3W_68010: PASS
MOVE3L/MOVE3L_68000: PASS
MOVE3B/MOVE3B_68000: PASS
MOVE3B/MOVE3B_68010: PASS
MOVE3W/MOVE3W_68000: PASS
MOVE3L/MOVE3L_68010: PASS
Entering /Users/hoff/vAmigaTS/CPU/Timing/MOVE4/
MOVE44L/MOVE44L_68000: PASS
MOVE44B/MOVE44B_68000: PASS
MOVE44B/MOVE44B_68010: PASS
MOVE44L/MOVE44L_68010: PASS
MOVE44W/MOVE44W_68000: PASS
MOVE44W/MOVE44W_68010: PASS
MOVE4B/MOVE4B_68000: PASS
MOVE4W/MOVE4W_68000: PASS
MOVE4W/MOVE4W_68010: PASS
MOVE4B/MOVE4B_68010: PASS
MOVE4L/MOVE4L_68010: PASS
MOVE4L/MOVE4L_68000: PASS
Entering /Users/hoff/vAmigaTS/CPU/Timing/MOVE5/
MOVE55W/MOVE55W_68010: PASS
MOVE55B/MOVE55B_68000: PASS
MOVE55B/MOVE55B_68010: PASS
MOVE55W/MOVE55W_68000: PASS
MOVE55L/MOVE55L_68000: PASS
MOVE55L/MOVE55L_68010: PASS
MOVE5B/MOVE5B_68000: PASS
MOVE5W/MOVE5W_68010: PASS
MOVE5L/MOVE5L_68000: PASS
MOVE5B/MOVE5B_68010: PASS
MOVE5L/MOVE5L_68010: PASS
MOVE5W/MOVE5W_68000: PASS
Entering /Users/hoff/vAmigaTS/CPU/Timing/MOVE6/
MOVE66W/MOVE66W_68010: PASS
MOVE66W/MOVE66W_68000: PASS
MOVE66B/MOVE66B_68010: PASS
MOVE66L/MOVE66L_68010: PASS
MOVE66L/MOVE66L_68000: PASS
MOVE66B/MOVE66B_68000: PASS
MOVE6B/MOVE6B_68000: PASS
MOVE6W/MOVE6W_68010: PASS
MOVE6B/MOVE6B_68010: PASS
MOVE6W/MOVE6W_68000: PASS
MOVE6L/MOVE6L_68000: PASS
MOVE6L/MOVE6L_68010: PASS
Entering /Users/hoff/vAmigaTS/CPU/Timing/MOVE7/
MOVE7B/MOVE7B_68000: PASS
MOVE7W/MOVE7W_68000: PASS
MOVE7W/MOVE7W_68010: PASS
MOVE7L/MOVE7L_68010: PASS
MOVE7B/MOVE7B_68010: PASS
MOVE7L/MOVE7L_68000: PASS
Entering /Users/hoff/vAmigaTS/CPU/Timing/MOVE8/
MOVE88W/MOVE88W_68000: PASS
MOVE88W/MOVE88W_68010: PASS
MOVE88B/MOVE88B_68010: PASS
MOVE88B/MOVE88B_68000: PASS
MOVE88L/MOVE88L_68000: PASS
MOVE88L/MOVE88L_68010: PASS
MOVE8B/MOVE8B_68000: PASS
MOVE8W/MOVE8W_68010: PASS
MOVE8L/MOVE8L_68000: PASS
MOVE8W/MOVE8W_68000: PASS
MOVE8B/MOVE8B_68010: PASS
MOVE8L/MOVE8L_68010: PASS
Entering /Users/hoff/vAmigaTS/CPU/Timing/MOVEA/
MOVEA1L/MOVEA1L_68000: PASS
MOVEA2L/MOVEA2L_68010: PASS
MOVEA1W/MOVEA1W_68000: PASS
MOVEA1W/MOVEA1W_68010: PASS
MOVEA1L/MOVEA1L_68010: PASS
MOVEA2L/MOVEA2L_68000: PASS
MOVEA2W/MOVEA2W_68000: PASS
MOVEA2W/MOVEA2W_68010: PASS
Entering /Users/hoff/vAmigaTS/CPU/Timing/MOVEC/
MOVEC4/MOVEC4_68010: PASS
MOVEC2/MOVEC2_68010: PASS
MOVEC3/MOVEC3_68010: PASS
MOVEC1/MOVEC1_68010: PASS
Entering /Users/hoff/vAmigaTS/CPU/Timing/MOVECCR/
MOVECCR3/MOVECCR3_68000: PASS
MOVECCR1/MOVECCR1_68010: PASS
MOVECCR2/MOVECCR2_68010: PASS
MOVECCR2/MOVECCR2_68000: PASS
MOVECCR1/MOVECCR1_68000: PASS
MOVECCR3/MOVECCR3_68010: PASS
MOVECCR5/MOVECCR5_68000: PASS
MOVECCR4/MOVECCR4_68000: PASS
MOVECCR5/MOVECCR5_68010: PASS
MOVECCR4/MOVECCR4_68010: PASS
Entering /Users/hoff/vAmigaTS/CPU/Timing/MOVEM/
MOVEM1/MOVEM1_68000: PASS
MOVEM1/MOVEM1_68010: PASS
Entering /Users/hoff/vAmigaTS/CPU/Timing/MOVEP/
MOVEP2/MOVEP2_68000: PASS
MOVEP1/MOVEP1_68010: PASS
MOVEP1/MOVEP1_68000: PASS
MOVEP2/MOVEP2_68010: PASS
Entering /Users/hoff/vAmigaTS/CPU/Timing/MOVEQ/
MOVEQ/MOVEQ_68010: PASS
MOVEQ/MOVEQ_68000: PASS
Entering /Users/hoff/vAmigaTS/CPU/Timing/MOVESR/
MOVESR2/MOVESR2_68010: PASS
MOVESR3/MOVESR3_68010: PASS
MOVESR1/MOVESR1_68010: PASS
MOVESR3/MOVESR3_68000: PASS
MOVESR2/MOVESR2_68000: PASS
MOVESR1/MOVESR1_68000: PASS
MOVESR4/MOVESR4_68010: PASS
MOVESR4/MOVESR4_68000: PASS
Entering /Users/hoff/vAmigaTS/CPU/Timing/MUL/
MULS1/MULS1_68000: PASS
MULS2/MULS2_68010: PASS
MULS3/MULS3_68000: PASS
MULS3/MULS3_68010: PASS
MULS1/MULS1_68010: PASS
MULS2/MULS2_68000: PASS
MULU2/MULU2_68000: PASS
MULU3/MULU3_68000: PASS
MULU1/MULU1_68010: PASS
MULU3/MULU3_68010: PASS
MULU2/MULU2_68010: PASS
MULU1/MULU1_68000: PASS
Entering /Users/hoff/vAmigaTS/CPU/Timing/NBCD/
NBCD2/NBCD2_68000: PASS
NBCD1/NBCD1_68000: PASS
NBCD1/NBCD1_68010: PASS
NBCD2/NBCD2_68010: PASS
Entering /Users/hoff/vAmigaTS/CPU/Timing/NEG/
NEG1b/NEG1b_68000: PASS
NEG1l/NEG1l_68010: PASS
NEG1w/NEG1w_68000: PASS
NEG1b/NEG1b_68010: PASS
NEG1w/NEG1w_68010: PASS
NEG1l/NEG1l_68000: PASS
NEG2b/NEG2b_68000: PASS
NEG2l/NEG2l_68000: PASS
NEG2w/NEG2w_68000: PASS
NEG2w/NEG2w_68010: PASS
NEG2l/NEG2l_68010: PASS
NEG2b/NEG2b_68010: PASS
NEGX1l/NEGX1l_68010: PASS
NEGX1b/NEGX1b_68010: PASS
NEGX1w/NEGX1w_68010: PASS
NEGX1l/NEGX1l_68000: PASS
NEGX1w/NEGX1w_68000: PASS
NEGX1b/NEGX1b_68000: PASS
NEGX2l/NEGX2l_68000: PASS
NEGX2b/NEGX2b_68000: PASS
NEGX2w/NEGX2w_68010: PASS
NEGX2b/NEGX2b_68010: PASS
NEGX2w/NEGX2w_68000: PASS
NEGX2l/NEGX2l_68010: PASS
Entering /Users/hoff/vAmigaTS/CPU/Timing/NOP/
NOP/NOP_68000: PASS
NOP/NOP_68010: PASS
Entering /Users/hoff/vAmigaTS/CPU/Timing/NOT/
NOT1b/NOT1b_68010: PASS
NOT1w/NOT1w_68010: PASS
NOT1l/NOT1l_68010: PASS
NOT1w/NOT1w_68000: PASS
NOT1l/NOT1l_68000: PASS
NOT1b/NOT1b_68000: PASS
NOT2l/NOT2l_68000: PASS
NOT2w/NOT2w_68010: PASS
NOT2b/NOT2b_68000: PASS
NOT2b/NOT2b_68010: PASS
NOT2l/NOT2l_68010: PASS
NOT2w/NOT2w_68000: PASS
Entering /Users/hoff/vAmigaTS/CPU/Timing/PEA/
PEA1/PEA1_68010: PASS
PEA1/PEA1_68000: PASS
Entering /Users/hoff/vAmigaTS/CPU/Timing/RTE/
RTE2/RTE2_68000: PASS
RTE2/RTE2_68010: PASS
RTE1/RTE1_68000: PASS
RTE1/RTE1_68010: PASS
Entering /Users/hoff/vAmigaTS/CPU/Timing/RTR/
RTR1/RTR1_68000: PASS
RTR2/RTR2_68010: PASS
RTR2/RTR2_68000: PASS
RTR1/RTR1_68010: PASS
Entering /Users/hoff/vAmigaTS/CPU/Timing/RTS/
RTS1/RTS1_68010: PASS
RTS1/RTS1_68000: PASS
RTS2/RTS2_68010: PASS
RTS2/RTS2_68000: PASS
Entering /Users/hoff/vAmigaTS/CPU/Timing/STOP/
stop2/stop2_68010: PASS
stop3/stop3_68010: PASS
stop2/stop2_68000: PASS
stop3/stop3_68000: PASS
stop1/stop1_68000: PASS
stop1/stop1_68010: PASS
stop5/stop5_68010: PASS
stop4/stop4_68010: PASS
stop5/stop5_68000: PASS
stop4/stop4_68000: PASS
Entering /Users/hoff/vAmigaTS/CPU/Timing/SWAP/
SWAP1/SWAP1_68000: PASS
SWAP1/SWAP1_68010: PASS
Entering /Users/hoff/vAmigaTS/CPU/Timing/Scc/
SEQ3/SEQ3_68010: PASS
SEQ3/SEQ3_68000: PASS
SEQ1/SEQ1_68000: PASS
SEQ1/SEQ1_68010: PASS
SEQ2/SEQ2_68010: PASS
SEQ2/SEQ2_68000: PASS
SEQ5/SEQ5_68010: PASS
SEQ5/SEQ5_68000: PASS
SEQ4/SEQ4_68000: PASS
SEQ4/SEQ4_68010: PASS
SEQ6/SEQ6_68000: PASS
SEQ6/SEQ6_68010: PASS
SNE1/SNE1_68010: PASS
SNE1/SNE1_68000: PASS
SNE2/SNE2_68000: PASS
SNE2/SNE2_68010: PASS
Entering /Users/hoff/vAmigaTS/CPU/Timing/TAS/
TAS1/TAS1_68000: PASS
TAS2/TAS2_68010: PASS
TAS1/TAS1_68010: PASS
TAS2/TAS2_68000: PASS
Entering /Users/hoff/vAmigaTS/CPU/Timing/TRAP/
TRAP4/TRAP4_68010: PASS
TRAP1/TRAP1_68000: PASS
TRAP1/TRAP1_68010: PASS
TRAP4/TRAP4_68000: PASS
TRAPV1/TRAPV1_68010: PASS
TRAPV1/TRAPV1_68000: PASS
TRAPV2/TRAPV2_68000: PASS
TRAPV2/TRAPV2_68010: PASS
TRAPV3/TRAPV3_68000: PASS
TRAPV4/TRAPV4_68000: PASS
TRAPV3/TRAPV3_68010: PASS
TRAPV4/TRAPV4_68010: PASS
TRAPV5/TRAPV5_68010: PASS
TRAPV5/TRAPV5_68000: PASS
Entering /Users/hoff/vAmigaTS/CPU/Timing/TST/
TST1w/TST1w_68000: PASS
TST1l/TST1l_68010: PASS
TST1b/TST1b_68000: PASS
TST1w/TST1w_68010: PASS
TST1l/TST1l_68000: PASS
TST1b/TST1b_68010: PASS
TST2b/TST2b_68000: PASS
TST2l/TST2l_68010: PASS
TST2w/TST2w_68000: PASS
TST2w/TST2w_68010: PASS
TST2b/TST2b_68010: PASS
TST2l/TST2l_68000: PASS
Entering /Users/hoff/vAmigaTS/CPU/Timing/UNLK/
UNLK1/UNLK1_68010: PASS
UNLK1/UNLK1_68000: PASS

Entering /Users/hoff/vAmigaTS/CPU/Timing2/
Entering /Users/hoff/vAmigaTS/CPU/Timing2/BKPT/
BKPT1/BKPT1_68000: PASS
Scanline 0, pixel 28, sample 0: 3f 00
BKPT1/BKPT1_68010: **** FAIL ****
Entering /Users/hoff/vAmigaTS/CPU/Timing2/MOVECCR/
MOVECCR2/MOVECCR2_68000: PASS
MOVECCR1/MOVECCR1_68000: PASS
MOVECCR2/MOVECCR2_68010: PASS
MOVECCR3/MOVECCR3_68000: PASS
MOVECCR3/MOVECCR3_68010: PASS
MOVECCR1/MOVECCR1_68010: PASS
MOVECCR4/MOVECCR4_68000: PASS
MOVECCR4/MOVECCR4_68010: PASS
Entering /Users/hoff/vAmigaTS/CPU/Timing2/MOVES/
MOVES10l/MOVES10l_68010: PASS
MOVES10w/MOVES10w_68010: PASS
MOVES11w/MOVES11w_68010: PASS
MOVES10b/MOVES10b_68010: PASS
MOVES11l/MOVES11l_68010: PASS
MOVES11b/MOVES11b_68010: PASS
MOVES12l/MOVES12l_68010: PASS
MOVES1b/MOVES1b_68010: PASS
MOVES12w/MOVES12w_68010: PASS
MOVES12b/MOVES12b_68010: PASS
MOVES2b/MOVES2b_68010: PASS
MOVES1l/MOVES1l_68010: PASS
MOVES5b/MOVES5b_68010: PASS
MOVES2l/MOVES2l_68010: PASS
MOVES4b/MOVES4b_68010: PASS
MOVES3b/MOVES3b_68010: PASS
MOVES3l/MOVES3l_68010: PASS
MOVES4l/MOVES4l_68010: PASS
MOVES7w/MOVES7w_68010: PASS
MOVES7l/MOVES7l_68010: PASS
MOVES6b/MOVES6b_68010: PASS
MOVES5l/MOVES5l_68010: PASS
MOVES6l/MOVES6l_68010: PASS
MOVES7b/MOVES7b_68010: PASS
MOVES8b/MOVES8b_68010: PASS
MOVES9l/MOVES9l_68010: PASS
MOVES8w/MOVES8w_68010: PASS
MOVES9w/MOVES9w_68010: PASS
MOVES8l/MOVES8l_68010: PASS
MOVES9b/MOVES9b_68010: PASS
Entering /Users/hoff/vAmigaTS/CPU/Timing2/SEQ/
SEQ2/SEQ2_68010: PASS
SEQ2/SEQ2_68000: PASS
SEQ1/SEQ1_68000: PASS
SEQ1/SEQ1_68010: PASS
Entering /Users/hoff/vAmigaTS/Denise/

Entering /Users/hoff/vAmigaTS/Denise/DIW/
Entering /Users/hoff/vAmigaTS/Denise/DIW/DIWH/
diwtim1b/diwtim1b_ECS: PASS
diwtim1/diwtim1_ECS: PASS
diwtim0/diwtim0_OCS: PASS
diwtim1b/diwtim1b_OCS: PASS
diwtim1/diwtim1_OCS: PASS
diwtim0/diwtim0_ECS: PASS
diwtim2b/diwtim2b_OCS: PASS
diwtim3/diwtim3_OCS: PASS
diwtim2/diwtim2_ECS: PASS
diwtim3/diwtim3_ECS: PASS
diwtim2/diwtim2_OCS: PASS
diwtim2b/diwtim2b_ECS: PASS
diwtim4/diwtim4_OCS: PASS
diwtim3b/diwtim3b_OCS: PASS
diwtim3b/diwtim3b_ECS: PASS
diwtim4b/diwtim4b_ECS: PASS
diwtim4/diwtim4_ECS: PASS
diwtim4b/diwtim4b_OCS: PASS
minmax/minmax_ECS: PASS
minmax2/minmax2_OCS: PASS
minmax2/minmax2_ECS: PASS
minmax/minmax_OCS: PASS

Entering /Users/hoff/vAmigaTS/Denise/ECS/
Entering /Users/hoff/vAmigaTS/Denise/ECS/SuperHires/
ddf2sh/ddf2sh_ocs: PASS
ddf1sh/ddf1sh_ocs: PASS
ddf1sh/ddf1sh_plus: PASS
ddf2sh/ddf2sh_plus: PASS
ddf1sh/ddf1sh_ecs: PASS
ddf2sh/ddf2sh_ecs: PASS

Entering /Users/hoff/vAmigaTS/Denise/Misc/
Entering /Users/hoff/vAmigaTS/Denise/Misc/Id/
ImageWidth: 716 712
deniseid/deniseid_ecs: PASS
deniseid/deniseid_ocs: PASS
ImageWidth: 716 712
agacheck/agacheck_ecs: PASS
ImageWidth: 716 712
agacheck/agacheck_ocs: PASS
Entering /Users/hoff/vAmigaTS/Denise/Misc/Overscan/
Entering /Users/hoff/vAmigaTS/Denise/Misc/ThirdParty/
losso/bplcon_rmb: PASS
losso/bplcon_rmb2: PASS
Scanline 72, pixel 558, sample 0: a0 e0
losso/bplcon_rmb3: **** FAIL ****

Entering /Users/hoff/vAmigaTS/Denise/Registers/
Entering /Users/hoff/vAmigaTS/Denise/Registers/BPL0DAT/
bpl0dat3/bpl0dat3: PASS
bpl0dat1/bpl0dat1: PASS
bpl0dat4/bpl0dat4: PASS
bpl0dat2/bpl0dat2: PASS
Entering /Users/hoff/vAmigaTS/Denise/Registers/BPLCON0/
block0m/block0m: PASS
block0/block0: PASS
block2m/block2m: PASS
block1m/block1m: PASS
block1/block1: PASS
block2/block2: PASS
invprio1/invprio1: PASS
invplanes1/invplanes1: PASS
hilo/hilo: PASS
block3m/block3m: PASS
invprio0/invprio0: PASS
block3/block3: PASS
modes0/modes0: PASS
modes1/modes1: PASS
modes0c/modes0c: PASS
modes0b/modes0b: PASS
invprio2/invprio2: PASS
invprio3/invprio3: PASS
modes1c/modes1c: PASS
modes2/modes2: PASS
modes2c/modes2c: PASS
modes3/modes3: PASS
modes1b/modes1b: PASS
modes2b/modes2b: PASS
modes3b/modes3b: PASS
modes3c/modes3c: PASS
modes4/modes4: PASS
Entering /Users/hoff/vAmigaTS/Denise/Registers/BPLCON1/
overscan3/overscan3: PASS
overscan2b/overscan2b: PASS
overscan1b/overscan1b: PASS
overscan3b/overscan3b: PASS
overscan1/overscan1: PASS
overscan2/overscan2: PASS
overscan6b/overscan6b: PASS
overscan4/overscan4: PASS
overscan5/overscan5: PASS
overscan5b/overscan5b: PASS
overscan4b/overscan4b: PASS
overscan6/overscan6: PASS
simple2/simple2: PASS
simple12/simple12: PASS
simple10/simple10: PASS
simple4/simple4: PASS
simple0/simple0: PASS
simple14/simple14: PASS
timing3/timing3: PASS
timing2/timing2: PASS
simple6/simple6: PASS
timing1/timing1: PASS
simple8/simple8: PASS
timing4/timing4: PASS
timing5/timing5: PASS
Entering /Users/hoff/vAmigaTS/Denise/Registers/BPLCON2/
dualpf12/dualpf12: PASS
dualpf10/dualpf10: PASS
dualpf11/dualpf11: PASS
dualpf1/dualpf1: PASS
dualpf3/dualpf3: PASS
dualpf2/dualpf2: PASS
dualpf9/dualpf9: PASS
dualpf6/dualpf6: PASS
dualpf5/dualpf5: PASS
dualpf4/dualpf4: PASS
dualpf7/dualpf7: PASS
dualpf8/dualpf8: PASS

Entering /Users/hoff/vAmigaTS/Denise/Sprites/
Entering /Users/hoff/vAmigaTS/Denise/Sprites/attached/
attached1/attached1_ECS: PASS
attached2/attached2_ECS: PASS
attached3/attached3_ECS: PASS
attached1/attached1_OCS: PASS
attached3/attached3_OCS: PASS
attached2/attached2_OCS: PASS
attached6/attached6_ECS: PASS
attached6/attached6_OCS: PASS
attached5/attached5_OCS: PASS
attached5/attached5_ECS: PASS
attached4/attached4_ECS: PASS
attached4/attached4_OCS: PASS
Entering /Users/hoff/vAmigaTS/Denise/Sprites/clip/
clip1/clip1: PASS
clip2h/clip2h: PASS
clip3/clip3: PASS
clip2/clip2: PASS
clip1h/clip1h: PASS
clip3h/clip3h: PASS
newclip2/newclip2: PASS
newclip1/newclip1: PASS
newclip4/newclip4: PASS
newclip6/newclip6: PASS
newclip5/newclip5: PASS
newclip3/newclip3: PASS
newclip8/newclip8: PASS
newclip7/newclip7: PASS
Entering /Users/hoff/vAmigaTS/Denise/Sprites/collision/
sprcoll1/sprcoll1_OCS: PASS
sprcoll2/sprcoll2_ECS: PASS
sprcoll1d/sprcoll1d_ECS: PASS
sprcoll2/sprcoll2_OCS: PASS
sprcoll1/sprcoll1_ECS: PASS
sprcoll1d/sprcoll1d_OCS: PASS
sprcoll3d/sprcoll3d_ECS: PASS
sprcoll2d/sprcoll2d_OCS: PASS
sprcoll3d/sprcoll3d_OCS: PASS
sprcoll3/sprcoll3_OCS: PASS
sprcoll3/sprcoll3_ECS: PASS
sprcoll2d/sprcoll2d_ECS: PASS
sprcoll4/sprcoll4_ECS: PASS
sprcoll4/sprcoll4_OCS: PASS
sprcoll5/sprcoll5_ECS: PASS
sprcoll4d/sprcoll4d_OCS: PASS
sprcoll4d/sprcoll4d_ECS: PASS
sprcoll5/sprcoll5_OCS: PASS
sprcoll5d/sprcoll5d_ECS: PASS
sprcoll6d/sprcoll6d_OCS: PASS
sprcoll5d/sprcoll5d_OCS: PASS
sprcoll6d/sprcoll6d_ECS: PASS
sprcoll6/sprcoll6_ECS: PASS
sprcoll6/sprcoll6_OCS: PASS
sprcoll7d/sprcoll7d_OCS: PASS
sprcoll8/sprcoll8_ECS: PASS
sprcoll7d/sprcoll7d_ECS: PASS
sprcoll8/sprcoll8_OCS: PASS
sprcoll7/sprcoll7_OCS: PASS
sprcoll7/sprcoll7_ECS: PASS
sprcoll8d/sprcoll8d_ECS: PASS
sprcoll8d/sprcoll8d_OCS: PASS
Entering /Users/hoff/vAmigaTS/Denise/Sprites/general/
invcoord/invcoord_ECS: PASS
invcoord/invcoord_OCS: PASS
sprbpu1/sprbpu1_ECS: PASS
sprbpu1/sprbpu1_OCS: PASS
reenable1/reenable1_ECS: PASS
reenable1/reenable1_OCS: PASS
sprbpu2/sprbpu2_ECS: PASS
sprbpu2/sprbpu2_OCS: PASS
sprdat2/sprdat2_ECS: PASS
sprdat2/sprdat2_OCS: PASS
sprdat1/sprdat1_ECS: PASS
sprdat1/sprdat1_OCS: PASS
sprites2/sprites2_ECS: PASS
sprites2/sprites2_OCS: PASS
sprites1/sprites1_ECS: PASS
sprites3/sprites3_OCS: PASS
sprites1/sprites1_OCS: PASS
sprites3/sprites3_ECS: PASS
sprites4/sprites4_ECS: PASS
sprites6/sprites6_ECS: PASS
sprites5/sprites5_ECS: PASS
sprites5/sprites5_OCS: PASS
sprites4/sprites4_OCS: PASS
sprites6/sprites6_OCS: PASS
sprites7/sprites7_OCS: PASS
termination1/termination1_OCS: PASS
sprites7/sprites7_ECS: PASS
termination1/termination1_ECS: PASS
Entering /Users/hoff/vAmigaTS/Denise/Sprites/manual/
manual1/manual1_ECS: PASS
manual1/manual1_OCS: PASS
manual3/manual3_OCS: PASS
manual3/manual3_ECS: PASS
manual2/manual2_OCS: PASS
manual2/manual2_ECS: PASS
manual5/manual5_OCS: PASS
manual6/manual6_ECS: PASS
manual6/manual6_OCS: PASS
manual5/manual5_ECS: PASS
manual4/manual4_OCS: PASS
manual4/manual4_ECS: PASS
Entering /Users/hoff/vAmigaTS/Denise/Sprites/multiplex/
multiplex1/multiplex1_ECS: PASS
multiplex1/multiplex1_OCS: PASS
Entering /Users/hoff/vAmigaTS/Denise/Sprites/sprdrop/
sprdrop1/sprdrop1_OCS: PASS
sprdrop2/sprdrop2_ECS: PASS
sprdrop3/sprdrop3_ECS: PASS
sprdrop3/sprdrop3_OCS: PASS
sprdrop1/sprdrop1_ECS: PASS
sprdrop2/sprdrop2_OCS: PASS
sprdrop4/sprdrop4_ECS: PASS
sprdropcpu1/sprdropcpu1_OCS: PASS
sprdrop4/sprdrop4_OCS: PASS
sprdropcpu2/sprdropcpu2_OCS: PASS
sprdropcpu1/sprdropcpu1_ECS: PASS
sprdropcpu2/sprdropcpu2_ECS: PASS
sprdropcpu3/sprdropcpu3_OCS: PASS
sprdropcpu5/sprdropcpu5_OCS: PASS
sprdropcpu5/sprdropcpu5_ECS: PASS
sprdropcpu4/sprdropcpu4_ECS: PASS
sprdropcpu3/sprdropcpu3_ECS: PASS
sprdropcpu4/sprdropcpu4_OCS: PASS
sprdropcpu6/sprdropcpu6_ECS: PASS
sprdropcpu6/sprdropcpu6_OCS: PASS
Entering /Users/hoff/vAmigaTS/Denise/Sprites/spritedma/
sprdma11/sprdma11_OCS: PASS
sprdma10/sprdma10_ECS: PASS
sprdma1/sprdma1_OCS: PASS
sprdma10/sprdma10_OCS: PASS
sprdma11/sprdma11_ECS: PASS
sprdma1/sprdma1_ECS: PASS
sprdma13/sprdma13_OCS: PASS
sprdma12/sprdma12_ECS: PASS
sprdma13/sprdma13_ECS: PASS
sprdma12/sprdma12_OCS: PASS
sprdma14/sprdma14_ECS: PASS
sprdma14/sprdma14_OCS: PASS
sprdma17/sprdma17_ECS: PASS
sprdma16/sprdma16_ECS: PASS
sprdma15/sprdma15_ECS: PASS
sprdma16/sprdma16_OCS: PASS
sprdma17/sprdma17_OCS: PASS
sprdma15/sprdma15_OCS: PASS
sprdma19/sprdma19_OCS: PASS
sprdma18/sprdma18_OCS: PASS
sprdma18/sprdma18_ECS: PASS
sprdma19/sprdma19_ECS: PASS
sprdma2/sprdma2_ECS: PASS
sprdma2/sprdma2_OCS: PASS
sprdma20/sprdma20_OCS: PASS
sprdma21/sprdma21_OCS: PASS
sprdma21/sprdma21_ECS: PASS
sprdma20/sprdma20_ECS: PASS
sprdma3/sprdma3_ECS: PASS
sprdma3/sprdma3_OCS: PASS
sprdma5/sprdma5_ECS: PASS
sprdma4/sprdma4_OCS: PASS
sprdma4/sprdma4_ECS: PASS
sprdma5/sprdma5_OCS: PASS
sprdma6/sprdma6_ECS: PASS
sprdma6/sprdma6_OCS: PASS
sprdma7/sprdma7_OCS: PASS
sprdma8/sprdma8_OCS: PASS
sprdma9/sprdma9_ECS: PASS
sprdma8/sprdma8_ECS: PASS
sprdma7/sprdma7_ECS: PASS
sprdma9/sprdma9_OCS: PASS
Entering /Users/hoff/vAmigaTS/Denise/Sprites/timing/
oldsprtimdat/oldsprtimdat_OCS: PASS
oldsprtimpos/oldsprtimpos_ECS: PASS
oldsprtimpos/oldsprtimpos_OCS: PASS
oldsprtimdat/oldsprtimdat_ECS: PASS
sprtimctl1/sprtimctl1_OCS: PASS
sprtimctl1/sprtimctl1_ECS: PASS
sprtimdat1/sprtimdat1_ECS: PASS
sprtimdat2/sprtimdat2_OCS: PASS
sprtimpos1/sprtimpos1_ECS: PASS
sprtimdat2/sprtimdat2_ECS: PASS
sprtimpos1/sprtimpos1_OCS: PASS
sprtimdat1/sprtimdat1_OCS: PASS
sprxpos/sprxpos_ECS: PASS
sprxpos/sprxpos_OCS: PASS
Entering /Users/hoff/vAmigaTS/Mainboard/

Entering /Users/hoff/vAmigaTS/Mainboard/Ports/
Entering /Users/hoff/vAmigaTS/Mainboard/Ports/JOYxDAT/
joy0dat/joy0dat_2: PASS
joy0dat/joy0dat_3: PASS
joy1dat/joy1dat_1: PASS
joy0dat/joy0dat_1: PASS
joy0dat/joy0dat_5: PASS
joy0dat/joy0dat_4: PASS
joy1dat/joy1dat_4: PASS
joy1dat/joy1dat_3: PASS
joy1dat/joy1dat_5: PASS
joy1dat/joy1dat_2: PASS
joytest1/joytest1: PASS
Entering /Users/hoff/vAmigaTS/Mainboard/Ports/Keyboard/
noack1/noack1: PASS
Entering /Users/hoff/vAmigaTS/Mainboard/Ports/POT/
pot0dat3/pot0dat3: PASS
pot0dat6/pot0dat6: PASS
pot0dat2/pot0dat2: PASS
pot0dat5/pot0dat5: PASS
pot0dat4/pot0dat4: PASS
pot0dat1/pot0dat1: PASS
pot1dat1/pot1dat1: PASS
potgo0/potgo0: PASS
potgo2/potgo2: PASS
potgo4/potgo4: PASS
potgo1/potgo1: PASS
potgo3/potgo3: PASS
potgo8/potgo8: PASS
stop1/stop1: PASS
potgo5/potgo5: PASS
stop2/stop2: PASS
potgo7/potgo7: PASS
potgo6/potgo6: PASS

Entering /Users/hoff/vAmigaTS/Mainboard/UART/
Entering /Users/hoff/vAmigaTS/Mainboard/UART/tbeirq/
tbeirq1/tbeirq1_OCS: PASS
tbeirq2/tbeirq2_OCS: PASS
tbeirq3/tbeirq3_OCS: PASS
tbeirq3/tbeirq3_ECS: PASS
tbeirq2/tbeirq2_ECS: PASS
tbeirq1/tbeirq1_ECS: PASS
tbeirq4/tbeirq4_ECS: PASS
tbeirq5/tbeirq5_ECS: PASS
tbeirq4/tbeirq4_OCS: PASS
tbeirq5/tbeirq5_OCS: PASS
tbeirq6/tbeirq6_ECS: PASS
tbeirq6/tbeirq6_OCS: PASS
Entering /Users/hoff/vAmigaTS/Mainboard/UART/tsre/
tsre1/tsre1_OCS: PASS
tsre2/tsre2_OCS: PASS
tsre2/tsre2_ECS: PASS
tsre1/tsre1_ECS: PASS
tsre0/tsre0_ECS: PASS
tsre0/tsre0_OCS: PASS
tsre5/tsre5_ECS: PASS
tsre3/tsre3_OCS: PASS
tsre4/tsre4_ECS: PASS
tsre4/tsre4_OCS: PASS
tsre3/tsre3_ECS: PASS
tsre5/tsre5_OCS: PASS
tsre7/tsre7_ECS: PASS
tsre8/tsre8_ECS: PASS
tsre7/tsre7_OCS: PASS
tsre8/tsre8_OCS: PASS
tsre6/tsre6_ECS: PASS
tsre6/tsre6_OCS: PASS
tsre9/tsre9_OCS: PASS
tsre9/tsre9_ECS: PASS
Entering /Users/hoff/vAmigaTS/Mainboard/UART/txirq/
txirq2/txirq2_OCS: PASS
txirq1/txirq1_OCS: PASS
txirq0/txirq0_OCS: PASS
txirq0/txirq0_ECS: PASS
txirq1/txirq1_ECS: PASS
txirq2/txirq2_ECS: PASS
txirq5/txirq5_OCS: PASS
txirq3/txirq3_OCS: PASS
txirq4/txirq4_OCS: PASS
txirq3/txirq3_ECS: PASS
txirq4/txirq4_ECS: PASS
txirq5/txirq5_ECS: PASS
Entering /Users/hoff/vAmigaTS/Memory/

Entering /Users/hoff/vAmigaTS/Memory/Ram/
Entering /Users/hoff/vAmigaTS/Memory/Ram/byteacc/
byteacc1/byteacc1: PASS
Entering /Users/hoff/vAmigaTS/Memory/Ram/memspeed/
Entering /Users/hoff/vAmigaTS/Memory/Ram/memtim/
memtim2/memtim2: PASS
memtim1/memtim1: PASS
Entering /Users/hoff/vAmigaTS/Memory/Ram/uninit/
Scanline 38, pixel 676, sample 0: 30 ef
uninit2/uninit2: **** FAIL ****
Scanline 38, pixel 172, sample 0: ef 0f
uninit1/uninit1: **** FAIL ****

Entering /Users/hoff/vAmigaTS/Memory/Rom/
Entering /Users/hoff/vAmigaTS/Memory/Rom/mirror/
kickmirror/kickmirror1: PASS
custC/custC: PASS
custE/custE: PASS
custD/custD: PASS
Entering /Users/hoff/vAmigaTS/Misc/

Entering /Users/hoff/vAmigaTS/Misc/Init/
Entering /Users/hoff/vAmigaTS/Misc/Init/Registers/
Scanline 74, pixel 262, sample 0: ef 00
showocs/showocs: **** FAIL ****
Scanline 106, pixel 274, sample 0: 00 f0
showregs/showregs2: PASS
showcia2/showcia2: **** FAIL ****
showregs/showregs1: PASS
showcia1/showcia1: PASS
Entering /Users/hoff/vAmigaTS/Paula/

Entering /Users/hoff/vAmigaTS/Paula/Audio/
Entering /Users/hoff/vAmigaTS/Paula/Audio/modulation/
Entering /Users/hoff/vAmigaTS/Paula/Audio/simple/
Entering /Users/hoff/vAmigaTS/Paula/Audio/timing/
audtim1/audtim1: PASS
audtim2/audtim2: PASS
audtim3/audtim3: PASS
audtim6/audtim6: PASS
audtim5/audtim5: PASS
audtim4/audtim4: PASS
dmatim3/dmatim3: PASS
dmatim2/dmatim2: PASS
dmatim4/dmatim4: PASS
dmatim1/dmatim1: PASS
audtim7/audtim7: PASS
dmalen0/dmalen0: PASS
dmatim8/dmatim8: PASS
dmatim6/dmatim6: PASS
dmatim5/dmatim5: PASS
dmatim7/dmatim7: PASS

Entering /Users/hoff/vAmigaTS/Paula/Drive/
Entering /Users/hoff/vAmigaTS/Paula/Drive/drivereg/
Entering /Users/hoff/vAmigaTS/Paula/Drive/index/
Entering /Users/hoff/vAmigaTS/Paula/Drive/read/
read2/read2: PASS
read1/read1: PASS
Entering /Users/hoff/vAmigaTS/Paula/Drive/step/
step4/step4: PASS
step5/step5: PASS
step2/step2: PASS
step3/step3: PASS
step1/step1: PASS
Entering /Users/hoff/vAmigaTS/Paula/Drive/sync/

Entering /Users/hoff/vAmigaTS/Paula/Interrupts/
Entering /Users/hoff/vAmigaTS/Paula/Interrupts/basicint/
basicint1/basicint1_ECS: PASS
basicint3/basicint3_OCS: PASS
basicint3/basicint3_ECS: PASS
basicint2/basicint2_OCS: PASS
basicint1/basicint1_OCS: PASS
basicint2/basicint2_ECS: PASS
basicint5/basicint5_ECS: PASS
basicint5/basicint5_OCS: PASS
basicint4/basicint4_OCS: PASS
basicint4/basicint4_ECS: PASS
basicint6/basicint6_OCS: PASS
basicint6/basicint6_ECS: PASS
basicint7/basicint7_ECS: PASS
basicint7/basicint7_OCS: PASS
Entering /Users/hoff/vAmigaTS/Paula/Interrupts/ciaack/
ciaack/ciaack_ECS: PASS
ciaack/ciaack_OCS: PASS
Entering /Users/hoff/vAmigaTS/Paula/Interrupts/int/
int2/int2_OCS: PASS
int1b/int1b_ECS: PASS
int1/int1_ECS: PASS
int1b/int1b_OCS: PASS
int1/int1_OCS: PASS
int2/int2_ECS: PASS
int3/int3_OCS: PASS
int3/int3_ECS: PASS
int4/int4_OCS: PASS
int4/int4_ECS: PASS
Entering /Users/hoff/vAmigaTS/Paula/Interrupts/intreg/
intreg1/intreg1_OCS: PASS
flicker/flicker_ECS: PASS
flicker2/flicker2_ECS: PASS
intreg1/intreg1_ECS: PASS
flicker2/flicker2_OCS: PASS
flicker/flicker_OCS: PASS
intreg1b/intreg1b_ECS: PASS
intreg1b/intreg1b_OCS: PASS
intreg1d/intreg1d_ECS: PASS
intreg1c/intreg1c_ECS: PASS
intreg1c/intreg1c_OCS: PASS
intreg1d/intreg1d_OCS: PASS
intreg2/intreg2_OCS: PASS
intreg2/intreg2_ECS: PASS
Entering /Users/hoff/vAmigaTS/Paula/Interrupts/intreq/
intreqcia1/intreqcia1_ECS: PASS
intreqcia2/intreqcia2_OCS: PASS
intreqcia3/intreqcia3_OCS: PASS
intreqcia2/intreqcia2_ECS: PASS
intreqcia1/intreqcia1_OCS: PASS
intreqcia3/intreqcia3_ECS: PASS
intreqvertb1/intreqvertb1_ECS: PASS
intreqcia4/intreqcia4_OCS: PASS
intreqcia5/intreqcia5_ECS: PASS
intreqcia4/intreqcia4_ECS: PASS
intreqcia5/intreqcia5_OCS: PASS
intreqvertb1/intreqvertb1_OCS: PASS
Entering /Users/hoff/vAmigaTS/Paula/Interrupts/inttim/
double10/double10_OCS: PASS
double10/double10_ECS: PASS
double0/double0_ECS: PASS
double1/double1_ECS: PASS
double1/double1_OCS: PASS
double0/double0_OCS: PASS
double12/double12_ECS: PASS
double11/double11_OCS: PASS
double13/double13_OCS: PASS
double12/double12_OCS: PASS
double13/double13_ECS: PASS
double11/double11_ECS: PASS
double15/double15_OCS: PASS
double16/double16_ECS: PASS
double16/double16_OCS: PASS
double14/double14_ECS: PASS
double15/double15_ECS: PASS
double14/double14_OCS: PASS
double17/double17_ECS: PASS
double19/double19_ECS: PASS
double19/double19_OCS: PASS
double18/double18_OCS: PASS
double18/double18_ECS: PASS
double17/double17_OCS: PASS
double3/double3_OCS: PASS
double2/double2_OCS: PASS
double20/double20_ECS: PASS
double20/double20_OCS: PASS
double3/double3_ECS: PASS
double2/double2_ECS: PASS
double5/double5_ECS: PASS
double4/double4_ECS: PASS
double6/double6_OCS: PASS
double5/double5_OCS: PASS
double6/double6_ECS: PASS
double4/double4_OCS: PASS
double9/double9_ECS: PASS
double9/double9_OCS: PASS
double8/double8_OCS: PASS
double7/double7_OCS: PASS
double8/double8_ECS: PASS
double7/double7_ECS: PASS
enatim3/enatim3_OCS: PASS
enatim2/enatim2_OCS: PASS
enatim1/enatim1_ECS: PASS
enatim2/enatim2_ECS: PASS
enatim1/enatim1_OCS: PASS
enatim3/enatim3_ECS: PASS
inttim2/inttim2_ECS: PASS
inttim1/inttim1_OCS: PASS
inttim1/inttim1_ECS: PASS
enatim4/enatim4_OCS: PASS
inttim2/inttim2_OCS: PASS
enatim4/enatim4_ECS: PASS
inttim3/inttim3_OCS: PASS
inttim5/inttim5_OCS: PASS
inttim5/inttim5_ECS: PASS
inttim4/inttim4_ECS: PASS
inttim4/inttim4_OCS: PASS
inttim3/inttim3_ECS: PASS
inttim6/inttim6_ECS: PASS
inttim6/inttim6_OCS: PASS
timcpu2/timcpu2_ECS: PASS
timcpu1/timcpu1_OCS: PASS
timcpu1/timcpu1_ECS: PASS
timcpu2/timcpu2_OCS: PASS
Entering /Users/hoff/vAmigaTS/Paula/Interrupts/irqbpl/
irqbpl2/irqbpl2_ECS: PASS
irqbpl1b/irqbpl1b_OCS: PASS
irqbpl1/irqbpl1_ECS: PASS
irqbpl2/irqbpl2_OCS: PASS
irqbpl1b/irqbpl1b_ECS: PASS
irqbpl1/irqbpl1_OCS: PASS
irqbpl3b/irqbpl3b_OCS: PASS
irqbpl3/irqbpl3_ECS: PASS
irqbpl2b/irqbpl2b_ECS: PASS
irqbpl3/irqbpl3_OCS: PASS
irqbpl3b/irqbpl3b_ECS: PASS
irqbpl2b/irqbpl2b_OCS: PASS
irqbpl4b/irqbpl4b_OCS: PASS
irqbpl5/irqbpl5_OCS: PASS
irqbpl5/irqbpl5_ECS: PASS
irqbpl4/irqbpl4_OCS: PASS
irqbpl4b/irqbpl4b_ECS: PASS
irqbpl4/irqbpl4_ECS: PASS
irqbpl5b/irqbpl5b_ECS: PASS
irqbpl6b/irqbpl6b_OCS: PASS
irqbpl6/irqbpl6_OCS: PASS
irqbpl6b/irqbpl6b_ECS: PASS
irqbpl5b/irqbpl5b_OCS: PASS
irqbpl6/irqbpl6_ECS: PASS
Entering /Users/hoff/vAmigaTS/Paula/Interrupts/stack/
stack3/stack3_OCS: PASS
stack2/stack2_ECS: PASS
stack1/stack1_OCS: PASS
stack3/stack3_ECS: PASS
stack2/stack2_OCS: PASS
stack1/stack1_ECS: PASS
stack6/stack6_OCS: PASS
stack4/stack4_OCS: PASS
stack5/stack5_ECS: PASS
stack4/stack4_ECS: PASS
stack6/stack6_ECS: PASS
stack5/stack5_OCS: PASS
Entering /Users/hoff/vAmigaTS/Paula/Interrupts/vblank/
vblank2/vblank2_ECS: PASS
vblank2/vblank2_OCS: PASS
vblank3/vblank3_OCS: PASS
vblank1/vblank1_ECS: PASS
vblank1/vblank1_OCS: PASS
vblank3/vblank3_ECS: PASS
vblank6/vblank6_ECS: PASS
vblank4/vblank4_ECS: PASS
vblank4/vblank4_OCS: PASS
vblank5/vblank5_OCS: PASS
vblank6/vblank6_OCS: PASS
vblank5/vblank5_ECS: PASS
vblank8/vblank8_ECS: PASS
vblank7/vblank7_OCS: PASS
vblank8/vblank8_OCS: PASS
vblank7/vblank7_ECS: PASS

Entering /Users/hoff/vAmigaTS/Paula/Registers/
Entering /Users/hoff/vAmigaTS/Paula/Registers/ADKCON/
adkcon2/adkcon2: PASS
adkcon1/adkcon1: PASS
